#-----------------------------------------------------------
# Vivado v2019.1 (64-bit)
# SW Build 2552052 on Fri May 24 14:49:42 MDT 2019
# IP Build 2548770 on Fri May 24 18:01:18 MDT 2019
# Start of session at: Sat Jun 13 19:31:49 2020
# Process ID: 6488
# Current directory: C:/Users/Abhijeet/git/ABHIJEET_CHECK/synchronous_fifo
# Command line: vivado.exe -gui_launcher_event rodinguilauncherevent6536 C:\Users\Abhijeet\git\ABHIJEET_CHECK\synchronous_fifo\synchronous_fifo.xpr
# Log file: C:/Users/Abhijeet/git/ABHIJEET_CHECK/synchronous_fifo/vivado.log
# Journal file: C:/Users/Abhijeet/git/ABHIJEET_CHECK/synchronous_fifo\vivado.jou
#-----------------------------------------------------------
start_gui
open_project C:/Users/Abhijeet/git/ABHIJEET_CHECK/synchronous_fifo/synchronous_fifo.xpr
Scanning sources...
Finished scanning sources
INFO: [IP_Flow 19-234] Refreshing IP repositories
INFO: [IP_Flow 19-1704] No user IP repositories specified
INFO: [IP_Flow 19-2313] Loaded Vivado IP repository 'D:/Xilinx_new2/Vivado/2019.1/data/ip'.
open_project: Time (s): cpu = 00:00:22 ; elapsed = 00:00:09 . Memory (MB): peak = 701.602 ; gain = 47.785
update_compile_order -fileset sources_1
close_project
open_project C:/Users/Abhijeet/git/ABHIJEET_CHECK/synchronous_fifo/synchronous_fifo.xpr
Scanning sources...
Finished scanning sources
INFO: [IP_Flow 19-234] Refreshing IP repositories
INFO: [IP_Flow 19-1704] No user IP repositories specified
INFO: [IP_Flow 19-2313] Loaded Vivado IP repository 'D:/Xilinx_new2/Vivado/2019.1/data/ip'.
update_compile_order -fileset sources_1
launch_simulation
boost::filesystem::remove: The process cannot access the file because it is being used by another process: "C:/Users/Abhijeet/git/ABHIJEET_CHECK/synchronous_fifo/synchronous_fifo.sim/sim_1/behav/xsim/simulate.log"
exit
INFO: [Common 17-206] Exiting Vivado at Sat Jun 13 19:36:25 2020...
