Vivado Simulator 2019.1
Time resolution is 1 ps
Write TB data is c0895e81
Read value is c0895e81
Write TB data is 1e8dcd3d
FIFO empty !!!
Write TB data is e2f784c5
Read value is 1e8dcd3d
Write TB data is 47ecdb8f
Read value is e2f784c5
Write TB data is f4007ae8
Write TB data is de8e28bd
Write TB data is 10642120
Read value is 47ecdb8f
Write TB data is cecccc9d
Read value is f4007ae8
Write TB data is d7563eae
Write TB data is 9e314c3c
Read value is de8e28bd
Write TB data is 452e618a
Write TB data is c48a1289
Read value is 10642120
Write TB data is 571513ae
Read value is cecccc9d
Write TB data is 150fdd2a
Write TB data is 0aaa4b15
Read value is d7563eae
Write TB data is 2635fb4c
Write TB data is dbcd60b7
Read value is 9e314c3c
Read value is 452e618a
Write TB data is 061d7f0c
Read value is c48a1289
Write TB data is bb825a77
Write TB data is bf05007e
Read value is 571513ae
Write TB data is c33f3886
Read value is 150fdd2a
Write TB data is ce2ff29c
Read value is 0aaa4b15
Write TB data is 39961773
Read value is 2635fb4c
Write TB data is 2d28db5a
Write TB data is b29fb665
Write TB data is 15090b2a
Read value is dbcd60b7
Write TB data is cd5ebc9a
Read value is 061d7f0c
Write TB data is 2779e94e
Write TB data is 9c0e8a38
Read value is bb825a77
Write TB data is 49c65d93
Read value is bf05007e
Write TB data is acb7ca59
Write TB data is 653b49ca
Read value is c33f3886
Write TB data is 02749b04
Write TB data is 44018d88
Read value is ce2ff29c
Write TB data is 0e41451c
Read value is 39961773
Write TB data is 43356786
Read value is 2d28db5a
Write TB data is b855c470
Write TB data is 7d4779fa
Read value is b29fb665
Read value is 15090b2a
Write TB data is 603921c0
Read value is cd5ebc9a
Write TB data is 3e99837d
Write TB data is 3c03ff78
Read value is 2779e94e
Write TB data is ed8d80db
Write TB data is b0bcee61
Write TB data is a8639650
Read value is 9c0e8a38
Write TB data is c550168a
Read value is 49c65d93
Write TB data is 549efda9
Read value is acb7ca59
Write TB data is 155a1d2a
Read value is 653b49ca
Write TB data is 652345ca
Read value is 02749b04
Write TB data is da269ab4
Read value is 44018d88
Write TB data is 19452132
Read value is 0e41451c
Read value is 43356786
Write TB data is bab14875
Write TB data is d73fb4ae
Read value is b855c470
Write TB data is 06b3050d
Read value is 7d4779fa
Write TB data is 0c039d18
Read value is 603921c0
Write TB data is 29efe953
Read value is 3e99837d
Write TB data is 8273e204
Read value is 3c03ff78
Write TB data is 9c811239
Read value is ed8d80db
Write TB data is cb5c8096
Read value is b0bcee61
Write TB data is 8919b412
Read value is a8639650
Write TB data is d3a8e4a7
Read value is c550168a
Write TB data is ff4f3cfe
Read value is 549efda9
Write TB data is b7dfaa6f
Read value is 155a1d2a
Write TB data is 1c719738
Read value is 652345ca
Write TB data is e2bf1ac5
Read value is da269ab4
Write TB data is 1e1c873c
Read value is 19452132
Write TB data is 0aec3515
Read value is bab14875
Read value is d73fb4ae
Write TB data is 060a5d0c
Read value is 06b3050d
Write TB data is ae78585c
Write TB data is d00b12a0
Read value is 0c039d18
Write TB data is 6e8af5dd
Read value is 29efe953
Write TB data is 4219e784
Read value is 8273e204
Write TB data is 0beac117
Read value is 9c811239
Write TB data is 3e6f0f7c
Read value is cb5c8096
Write TB data is 92831e25
Read value is 8919b412
Write TB data is a48f7c49
Read value is d3a8e4a7
Write TB data is 23907547
Read value is ff4f3cfe
Write TB data is 6851e5d0
Read value is b7dfaa6f
Write TB data is 03e9b707
Read value is 1c719738
Write TB data is a5e79e4b
Read value is e2bf1ac5
Write TB data is 49b16f93
Read value is 1e1c873c
Write TB data is aed72e5d
Read value is 0aec3515
Write TB data is 4226a984
Read value is 060a5d0c
Write TB data is b759ea6e
Read value is ae78585c
Write TB data is 87e44c0f
Read value is d00b12a0
Write TB data is 5c78b1b8
Read value is 6e8af5dd
Write TB data is 03878707
Read value is 4219e784
Write TB data is e2ecdac5
Read value is 0beac117
Write TB data is d7b2e4af
Read value is 3e6f0f7c
Write TB data is f78576ef
Read value is 92831e25
Write TB data is 304e4d60
Read value is a48f7c49
Write TB data is 40aaf581
Read value is 23907547
Write TB data is 079fc30f
Read value is 6851e5d0
Write TB data is d4b5e6a9
Read value is 03e9b707
Write TB data is 8326d406
Read value is a5e79e4b
Write TB data is 6e3d47dc
Read value is 49b16f93
Write TB data is ae23ce5c
Read value is aed72e5d
Write TB data is ddd146bb
Read value is 4226a984
Write TB data is e70f98ce
Read value is b759ea6e
Write TB data is baf4e275
Read value is 87e44c0f
Write TB data is 8aecbe15
Read value is 5c78b1b8
Write TB data is 847fb208
Read value is 03878707
Write TB data is 3d82bd7b
Read value is e2ecdac5
Read value is d7b2e4af
Write TB data is 987b0830
Read value is f78576ef
Write TB data is d0cf6aa1
Write TB data is 5e6065bc
Read value is 304e4d60
Write TB data is cf309c9e
Read value is 40aaf581
Write TB data is 83fa6407
Read value is 079fc30f
Write TB data is c838f490
Read value is d4b5e6a9
Read value is 8326d406
Write TB data is a2cc8845
Write TB data is d27f0aa4
Read value is 6e3d47dc
Write TB data is f98bc0f3
Read value is ae23ce5c
Write TB data is 2e36435c
Read value is ddd146bb
Write TB data is e2f066c5
Read value is e70f98ce
Write TB data is 0633630c
Read value is baf4e275
Read value is 8aecbe15
Write TB data is 2ed6d95d
Read value is 847fb208
Write TB data is 2ba7a557
Write TB data is bce32879
Read value is 3d82bd7b
Write TB data is 8b42ec16
Read value is 987b0830
Write TB data is 9759882e
Read value is d0cf6aa1
Write TB data is ee7068dc
Read value is 5e6065bc
Write TB data is c144cc82
Read value is cf309c9e
Write TB data is f8c714f1
Read value is 83fa6407
Write TB data is b2d14a65
Read value is c838f490
Write TB data is f43a34e8
Read value is a2cc8845
Write TB data is 09164d12
Read value is d27f0aa4
Write TB data is 1b0f0d36
Read value is f98bc0f3
Write TB data is e5ac10cb
Read value is 2e36435c
Write TB data is 1e74cb3c
Read value is e2f066c5
Read value is 0633630c
Write TB data is 6e6d23dc
Write TB data is 0073e500
Read value is 2ed6d95d
Read value is 2ba7a557
Write TB data is 2fef3d5f
Read value is bce32879
Write TB data is b5b4e86b
Write TB data is 0650df0c
Read value is 8b42ec16
Write TB data is 098d1513
Read value is 9759882e
Write TB data is 64f2bdc9
Read value is ee7068dc
Write TB data is e38e22c7
Read value is c144cc82
Write TB data is 6da36fdb
Read value is f8c714f1
Write TB data is c1233a82
Read value is b2d14a65
Write TB data is a85a6a50
Read value is f43a34e8
Write TB data is 03703906
Read value is 09164d12
Write TB data is 24673948
Read value is 1b0f0d36
Write TB data is 30e20f61
Read value is e5ac10cb
Write TB data is 6b299dd6
Read value is 1e74cb3c
Write TB data is 63323bc6
Read value is 6e6d23dc
Write TB data is 18bd6331
Read value is 0073e500
Write TB data is b4e46669
Read value is 2fef3d5f
Write TB data is c2e87485
Read value is b5b4e86b
Write TB data is 4d20099a
Read value is 0650df0c
Write TB data is 309cdb61
Read value is 098d1513
Write TB data is 2a1d7354
Read value is 64f2bdc9
Write TB data is 89646012
Read value is e38e22c7
Write TB data is 1ffb813f
Read value is 6da36fdb
Write TB data is d066e4a0
Read value is c1233a82
Write TB data is f16948e2
Read value is a85a6a50
Write TB data is 791189f2
Read value is 03703906
Read value is 24673948
Write TB data is aae0a255
Read value is 30e20f61
Write TB data is d3fe36a7
Write TB data is a0b8a241
Read value is 6b299dd6
Read value is 63323bc6
Write TB data is 1b978f37
Write TB data is 90184e20
Read value is 18bd6331
Write TB data is 913e0222
Read value is b4e46669
Write TB data is 3d7f5b7a
Read value is c2e87485
Write TB data is 3e502d7c
Read value is 4d20099a
Write TB data is 1bf8bd37
Read value is 309cdb61
Write TB data is fa328cf4
Read value is 2a1d7354
Write TB data is f1a32ee3
Read value is 89646012
Write TB data is 6e8d45dd
Read value is 1ffb813f
Read value is d066e4a0
Write TB data is 5db797bb
Read value is f16948e2
Write TB data is 8570f60a
Read value is 791189f2
Write TB data is 84e32609
Read value is aae0a255
Write TB data is bb062876
Read value is d3fe36a7
Write TB data is d6aea8ad
Read value is a0b8a241
Write TB data is 41bd6783
Write TB data is fcf504f9
Read value is 1b978f37
Write TB data is e5063aca
Read value is 90184e20
Write TB data is 6f3425de
Read value is 913e0222
Write TB data is 17bd872f
Read value is 3d7f5b7a
Write TB data is 2ed66b5d
Read value is 3e502d7c
Write TB data is cdbf3a9b
Read value is 1bf8bd37
Write TB data is c690128d
Read value is fa328cf4
Write TB data is d01df0a0
Read value is f1a32ee3
Read value is 6e8d45dd
Write TB data is 94a12e29
Read value is 5db797bb
Write TB data is 5cdc65b9
Read value is 8570f60a
Read value is 84e32609
Write TB data is cd57529a
Read value is bb062876
Write TB data is bc1c0e78
Read value is d6aea8ad
Write TB data is e99b1cd3
Read value is 41bd6783
Write TB data is 005d5100
Read value is fcf504f9
Write TB data is b66a586c
Read value is e5063aca
Write TB data is ed4d78da
Read value is 6f3425de
Write TB data is a6490c4c
Write TB data is c049c680
Read value is 17bd872f
Write TB data is c0ad8081
Write TB data is 3f52937e
Read value is 2ed66b5d
Write TB data is 742819e8
Read value is cdbf3a9b
Read value is c690128d
Write TB data is ac509c58
Read value is d01df0a0
Write TB data is ca0e4494
Read value is 94a12e29
Write TB data is 23301b46
Write TB data is 39092f72
Read value is 5cdc65b9
Write TB data is e5ceb0cb
Read value is cd57529a
Read value is bc1c0e78
Write TB data is c118be82
Write TB data is 99183032
Read value is e99b1cd3
Write TB data is 3ec2677d
Read value is 005d5100
Write TB data is c6878a8d
Read value is b66a586c
Write TB data is 320a8b64
Read value is ed4d78da
Write TB data is f059ace0
Read value is a6490c4c
Write TB data is b5c5c06b
Read value is c049c680
Write TB data is 2798e34f
Read value is c0ad8081
Write TB data is 4f14c19e
Read value is 3f52937e
Write TB data is a62c344c
Read value is 742819e8
Write TB data is 286f1350
Read value is ac509c58
Write TB data is f7fecaef
Read value is ca0e4494
Write TB data is aac1fa55
Read value is 23301b46
Write TB data is e70a62ce
Read value is 39092f72
Write TB data is 5b0c73b6
Read value is e5ceb0cb
Read value is c118be82
Write TB data is 64d2d3c9
Write TB data is 9a544234
Read value is 99183032
Read value is 3ec2677d
Write TB data is 2764754e
Write TB data is ce96ca9d
Read value is c6878a8d
Write TB data is 71a919e3
Read value is 320a8b64
Read value is f059ace0
Write TB data is 1568bb2a
Read value is b5c5c06b
Write TB data is 5d8e95bb
Read value is 2798e34f
Write TB data is 652825ca
Write TB data is 65a879cb
Read value is 4f14c19e
Write TB data is 0207bb04
Read value is a62c344c
Write TB data is a2ce0045
Read value is 286f1350
Write TB data is a5b9424b
Read value is f7fecaef
Write TB data is f0b860e1
Read value is aac1fa55
Write TB data is 076adf0e
Read value is e70a62ce
Write TB data is fd9380fb
Read value is 5b0c73b6
Read value is 64d2d3c9
Write TB data is 90b93021
Read value is 9a544234
Write TB data is 8a290014
Write TB data is 1f77b73e
Read value is 2764754e
Write TB data is 7d4b53fa
Read value is ce96ca9d
Write TB data is 6e567bdc
Read value is 71a919e3
Write TB data is 6b825dd7
Read value is 1568bb2a
Write TB data is 20dcbf41
Read value is 5d8e95bb
Write TB data is 89bfac13
Read value is 652825ca
Write TB data is 37890d6f
Read value is 65a879cb
Read value is 0207bb04
Write TB data is 9295aa25
Read value is a2ce0045
Write TB data is 4506218a
Write TB data is 273fbf4e
Read value is a5b9424b
Write TB data is ca698294
Read value is f0b860e1
Write TB data is 4c54e198
Read value is 076adf0e
Write TB data is c6ad048d
Read value is fd9380fb
Write TB data is d0ebcca1
Read value is 90b93021
Write TB data is e131eec2
Read value is 8a290014
Write TB data is cbb9e297
Read value is 1f77b73e
Write TB data is 38bd8d71
Read value is 7d4b53fa
Write TB data is f92c9af2
Read value is 6e567bdc
Write TB data is 41524b82
Read value is 6b825dd7
Write TB data is 1550d12a
Read value is 20dcbf41
Write TB data is a8e1aa51
Read value is 89bfac13
Write TB data is aba92e57
Read value is 37890d6f
Write TB data is 8079ac00
Read value is 9295aa25
Write TB data is 4b058b96
Read value is 4506218a
Read value is 273fbf4e
Write TB data is f9f1d4f3
Read value is ca698294
Write TB data is 544fbfa8
Write TB data is 4eee339d
Read value is 4c54e198
Write TB data is efebd4df
Read value is c6ad048d
Write TB data is 40f9f181
Read value is d0ebcca1
Read value is e131eec2
Write TB data is bd823a7b
Write TB data is 6b9ee1d7
Read value is cbb9e297
Write TB data is 79068bf2
Read value is 38bd8d71
Write TB data is a2e74e45
Read value is f92c9af2
Write TB data is acce1c59
Read value is 41524b82
Write TB data is c68ec48d
Read value is 1550d12a
Write TB data is f1cc38e3
Read value is a8e1aa51
Read value is aba92e57
Write TB data is f7298cee
Write TB data is 0254a704
Read value is 8079ac00
Write TB data is 5982e1b3
Read value is 4b058b96
Write TB data is 671fa9ce
Read value is f9f1d4f3
Write TB data is ad676c5a
Read value is 544fbfa8
Write TB data is 9ba78037
Read value is 4eee339d
Read value is efebd4df
Write TB data is 00308d00
Write TB data is 0eef5d1d
Read value is 40f9f181
Write TB data is ba8b9475
Read value is bd823a7b
Write TB data is 8895ba11
Read value is 6b9ee1d7
Write TB data is d5bc72ab
Read value is 79068bf2
Write TB data is e2ad84c5
Read value is a2e74e45
Write TB data is 9f3b963e
Read value is acce1c59
Write TB data is 67b4c1cf
Read value is c68ec48d
Write TB data is 60fd93c1
Read value is f1cc38e3
Write TB data is a631ec4c
Read value is f7298cee
Write TB data is 84732208
Read value is 0254a704
Write TB data is 76f5e9ed
Read value is 5982e1b3
Write TB data is f1d1a6e3
Read value is 671fa9ce
Write TB data is e9c860d3
Read value is ad676c5a
Write TB data is 286cff50
Read value is 9ba78037
Write TB data is 0e36671c
Read value is 00308d00
Write TB data is 1cd73d39
Read value is 0eef5d1d
Write TB data is 75f5b9eb
Read value is ba8b9475
Read value is 8895ba11
Write TB data is 05cfaf0b
Read value is d5bc72ab
Write TB data is 6e2e59dc
Write TB data is d90912b2
Read value is e2ad84c5
Write TB data is 21a4cb43
Read value is 9f3b963e
Write TB data is 4b400196
Read value is 67b4c1cf
Write TB data is d0a47ea1
Read value is 60fd93c1
Write TB data is e33e50c6
Read value is a631ec4c
Write TB data is 9e35b03c
Read value is 84732208
Write TB data is 6e56b7dc
Read value is 76f5e9ed
Write TB data is e7191ace
Read value is f1d1a6e3
Write TB data is 9e73603c
Read value is e9c860d3
Write TB data is 04958b09
Read value is 286cff50
Write TB data is 0955b312
Read value is 0e36671c
Write TB data is fa88e0f5
Read value is 1cd73d39
Write TB data is f8845ef1
Read value is 75f5b9eb
Write TB data is a8a35e51
Read value is 05cfaf0b
Write TB data is 3fae597f
Read value is 6e2e59dc
Write TB data is 39e2d773
Read value is d90912b2
Read value is 21a4cb43
Read value is 4b400196
Read value is d0a47ea1
Write TB data is 8d0cb81a
Write TB data is 06fddf0d
Read value is e33e50c6
Write TB data is efcf68df
Read value is 9e35b03c
Write TB data is f144ace2
Write TB data is f91cdef2
Read value is 6e56b7dc
Write TB data is d22472a4
Read value is e7191ace
Read value is 9e73603c
Write TB data is c36d3e86
Write TB data is e3377ec6
Read value is 04958b09
Write TB data is c33d2a86
Read value is 0955b312
Read value is fa88e0f5
Write TB data is 7be417f7
Write TB data is fa8304f5
Read value is f8845ef1
Write TB data is 0e62ab1c
Read value is a8a35e51
Write TB data is eaacb0d5
Write TB data is 8d6da61a
Read value is 3fae597f
Write TB data is 32387b64
Read value is 39e2d773
Write TB data is 33b8f767
Read value is 8d0cb81a
Write TB data is b60c3a6c
Read value is 06fddf0d
Write TB data is e004a0c0
Read value is efcf68df
Write TB data is b22cf464
Read value is f144ace2
Read value is f91cdef2
Write TB data is 6c776fd8
Write TB data is 6815d9d0
Read value is d22472a4
Write TB data is 1a0ec734
Read value is c36d3e86
Write TB data is 5053dba0
Read value is e3377ec6
Write TB data is 8589c40b
Read value is c33d2a86
Write TB data is ba340674
Read value is 7be417f7
Write TB data is a5eff84b
Read value is fa8304f5
Write TB data is 526f9ba4
Read value is 0e62ab1c
Write TB data is 3929c572
Read value is eaacb0d5
Write TB data is 34c37d69
Read value is 8d6da61a
Write TB data is 95d7182b
Read value is 32387b64
Write TB data is 6b27f3d6
Read value is 33b8f767
Write TB data is 61aabbc3
Read value is b60c3a6c
Write TB data is 3dc5677b
Read value is e004a0c0
Write TB data is 713fabe2
Read value is b22cf464
Read value is 6c776fd8
Write TB data is 0bf91f17
Write TB data is f0cca8e1
Read value is 6815d9d0
Write TB data is 34f8bb69
Read value is 1a0ec734
Write TB data is 26afad4d
Read value is 5053dba0
Write TB data is f83cb4f0
Read value is 8589c40b
Write TB data is 7f4d65fe
Read value is ba340674
Write TB data is 1dc2173b
Read value is a5eff84b
Write TB data is 0ceae119
Read value is 526f9ba4
Write TB data is eb8244d7
Read value is 3929c572
Write TB data is e6720ccc
Read value is 34c37d69
Write TB data is 5553b1aa
Read value is 95d7182b
Write TB data is 08cf1111
Read value is 6b27f3d6
Write TB data is a6b8ee4d
Read value is 61aabbc3
Write TB data is 783865f0
Read value is 3dc5677b
Write TB data is feb99efd
Read value is 713fabe2
Write TB data is 8d19d01a
Read value is 0bf91f17
Write TB data is ec8c7ad9
Read value is f0cca8e1
Write TB data is d1b31ca3
Read value is 34f8bb69
Write TB data is 7c23eff8
Read value is 26afad4d
Write TB data is 32a20765
Read value is f83cb4f0
Write TB data is bc02d878
Read value is 7f4d65fe
Read value is 1dc2173b
Write TB data is 5e1f11bc
Write TB data is 64ebe3c9
Read value is 0ceae119
Write TB data is d2aa00a5
Read value is eb8244d7
Write TB data is 987aa230
Read value is e6720ccc
Write TB data is d62d8aac
Read value is 5553b1aa
Write TB data is f74b14ee
Read value is 08cf1111
Write TB data is 576d0dae
Read value is a6b8ee4d
Write TB data is 56e64bad
Read value is 783865f0
Write TB data is 07d7b30f
Read value is feb99efd
Write TB data is 93a3c027
Read value is 8d19d01a
Write TB data is 8b1f5816
Read value is ec8c7ad9
Write TB data is 6b0367d6
Read value is d1b31ca3
Read value is 7c23eff8
Write TB data is 2a23a754
Read value is 32a20765
Write TB data is 6a9e65d5
Read value is bc02d878
Write TB data is 55574baa
Read value is 5e1f11bc
Write TB data is 560e15ac
Write TB data is 487dd390
Read value is 64ebe3c9
Write TB data is 1c6dc538
Read value is d2aa00a5
Write TB data is 1f0cf13e
Read value is 987aa230
Write TB data is 56ec05ad
Read value is d62d8aac
Write TB data is 64064bc8
Read value is f74b14ee
Write TB data is b85fac70
Read value is 576d0dae
Write TB data is 20ec8141
Read value is 56e64bad
Write TB data is efc052df
Read value is 07d7b30f
Write TB data is c053be80
Read value is 93a3c027
Write TB data is c61fde8c
Read value is 8b1f5816
Write TB data is ed93bcdb
Read value is 6b0367d6
Write TB data is b2d0f065
Read value is 2a23a754
Write TB data is 4ddcd99b
Read value is 6a9e65d5
Write TB data is 7c552ff8
Read value is 55574baa
Write TB data is 49110f92
Read value is 560e15ac
Read value is 487dd390
Write TB data is b614b06c
Write TB data is e6aaaccd
Read value is 1c6dc538
Write TB data is 60bbadc1
Read value is 1f0cf13e
Write TB data is c8158e90
Read value is 56ec05ad
Write TB data is fc1250f8
Read value is 64064bc8
Read value is b85fac70
Write TB data is 16b9412d
Read value is 20ec8141
Read value is efc052df
Write TB data is 9f43423e
Write TB data is 568913ad
Write TB data is eb5d8cd6
Read value is c053be80
Write TB data is c9c31693
Read value is c61fde8c
Write TB data is 26b6814d
Read value is ed93bcdb
Write TB data is 3958fd72
Read value is b2d0f065
Write TB data is 319f1963
Read value is 4ddcd99b
Write TB data is da7cbcb4
Read value is 7c552ff8
Write TB data is 32221564
Read value is 49110f92
Write TB data is eb715cd6
Read value is b614b06c
Write TB data is a4884649
Read value is e6aaaccd
Write TB data is 32443b64
Read value is 60bbadc1
Write TB data is 87e7080f
Read value is c8158e90
Write TB data is 2f376f5e
Read value is fc1250f8
Write TB data is 7e3a63fc
Read value is 16b9412d
Write TB data is 4d7a999a
Read value is 9f43423e
Write TB data is 9c85be39
Read value is 568913ad
Write TB data is 2fcecb5f
Read value is eb5d8cd6
Write TB data is 6c1efbd8
Read value is c9c31693
Read value is 26b6814d
Read value is 3958fd72
Write TB data is 21a1b143
Write TB data is 31f94b63
Read value is 319f1963
Read value is da7cbcb4
Read value is 32221564
Write TB data is 1766ab2e
Read value is eb715cd6
Write TB data is a6919a4d
Write TB data is 21ea1343
Read value is a4884649
Write TB data is 20be3541
Write TB data is 6d4019da
Read value is 32443b64
Read value is 87e7080f
Write TB data is 9fbcd63f
Write TB data is 5905e9b2
Read value is 2f376f5e
Write TB data is a4dcf249
Read value is 7e3a63fc
Write TB data is b29dfc65
Read value is 4d7a999a
Write TB data is 5b8eebb7
Write TB data is ab201c56
Read value is 9c85be39
Write TB data is 0cf57319
Read value is 2fcecb5f
Write TB data is df0990be
Read value is 6c1efbd8
Write TB data is 2480eb49
Read value is 21a1b143
Write TB data is 5470aba8
Read value is 31f94b63
Write TB data is 73a06fe7
Read value is 1766ab2e
Write TB data is 93a27027
Read value is a6919a4d
Write TB data is ab9b7457
Read value is 21ea1343
Write TB data is 51d24ba3
Read value is 20be3541
Write TB data is af4f105e
Read value is 6d4019da
Write TB data is d40140a8
Read value is 9fbcd63f
Write TB data is a1aee843
Read value is 5905e9b2
Read value is a4dcf249
Write TB data is 98c05e31
Write TB data is df93f2bf
Read value is b29dfc65
Read value is 5b8eebb7
Write TB data is 8d58b81a
Read value is ab201c56
Write TB data is 619f21c3
Write TB data is 442ff588
Read value is 0cf57319
Write TB data is 6259bfc4
Read value is df0990be
Write TB data is 1e35313c
Read value is 2480eb49
Write TB data is b1959a63
Read value is 5470aba8
Write TB data is 05e5f90b
Read value is 73a06fe7
Write TB data is 2e34895c
Read value is 93a27027
Write TB data is 1cdb0b39
Read value is ab9b7457
Write TB data is fdc920fb
Read value is 51d24ba3
Write TB data is 7417c5e8
Read value is af4f105e
Write TB data is 3cd20b79
Read value is d40140a8
Write TB data is 14c61529
Read value is a1aee843
Write TB data is 87e4b40f
Read value is 98c05e31
Write TB data is cb044896
Read value is df93f2bf
Read value is 8d58b81a
Write TB data is ee1536dc
Read value is 619f21c3
Write TB data is ab570856
Write TB data is 0abb2b15
Read value is 442ff588
Write TB data is 5b52ffb6
Read value is 6259bfc4
Write TB data is 2dcbe75b
Read value is 1e35313c
Write TB data is 46278b8c
Read value is b1959a63
Write TB data is 6a81abd5
Read value is 05e5f90b
Write TB data is 6e5811dc
Read value is 2e34895c
Write TB data is 8b574216
Read value is 1cdb0b39
Write TB data is 1a471b34
Read value is fdc920fb
Write TB data is cd5ffc9a
Read value is 7417c5e8
Write TB data is 0dde871b
Read value is 3cd20b79
Read value is 14c61529
Write TB data is 3443f568
Write TB data is 61157fc2
Read value is 87e4b40f
Write TB data is 4e7f979c
Read value is cb044896
Write TB data is 37cae76f
Read value is ee1536dc
Write TB data is 7dc681fb
Read value is ab570856
Write TB data is 45d1bd8b
Read value is 0abb2b15
Read value is 5b52ffb6
Write TB data is ab590a56
Write TB data is 25cc0d4b
Read value is 2dcbe75b
Write TB data is 2bebdd57
Read value is 46278b8c
Write TB data is 992d7432
Read value is 6a81abd5
Write TB data is c626528c
Read value is 6e5811dc
Write TB data is 12237b24
Read value is 8b574216
Write TB data is a953de52
Read value is 1a471b34
Write TB data is 91efc423
Read value is cd5ffc9a
Write TB data is ec4f02d8
Read value is 0dde871b
Write TB data is 73fbede7
Read value is 3443f568
Write TB data is df43b8be
Read value is 61157fc2
Write TB data is ec3e28d8
Read value is 4e7f979c
Write TB data is 29f9eb53
Read value is 37cae76f
Write TB data is 050d010a
Read value is 7dc681fb
Write TB data is a2cf5245
Read value is 45d1bd8b
Write TB data is 1a1a2134
Read value is ab590a56
Write TB data is de98cabd
Read value is 25cc0d4b
Write TB data is 52691da4
Read value is 2bebdd57
Write TB data is a76f484e
Read value is 992d7432
Read value is c626528c
Write TB data is 257abb4a
Write TB data is 7df557fb
Read value is 12237b24
Read value is a953de52
Write TB data is 81380c02
Read value is 91efc423
Write TB data is 1c62cb38
Write TB data is f0064ae0
Read value is ec4f02d8
Write TB data is 54b7c1a9
Read value is 73fbede7
Write TB data is 484a4390
Read value is df43b8be
Write TB data is d60020ac
Read value is ec3e28d8
Read value is 29f9eb53
Write TB data is 4ff5539f
Write TB data is 9c445a38
Read value is 050d010a
Write TB data is 34771368
Read value is a2cf5245
Write TB data is 3fb95b7f
Read value is 1a1a2134
Read value is de98cabd
Write TB data is 5a465fb4
Write TB data is 0eebe71d
Read value is 52691da4
Write TB data is d83a94b0
Read value is a76f484e
Write TB data is 0975f512
Read value is 257abb4a
Read value is 7df557fb
Write TB data is e126c4c2
Read value is 81380c02
Write TB data is 5e58d9bc
Write TB data is 97d87c2f
Read value is 1c62cb38
Write TB data is 50b473a1
Read value is f0064ae0
Write TB data is 84e26209
Read value is 54b7c1a9
Write TB data is e64980cc
Read value is 484a4390
Write TB data is 101ac920
Read value is d60020ac
Write TB data is de08dabc
Read value is 4ff5539f
Write TB data is 8b241e16
Read value is 9c445a38
Write TB data is cb133c96
Read value is 34771368
Write TB data is 34ce1b69
Read value is 3fb95b7f
Write TB data is 6a69abd4
Read value is 5a465fb4
Write TB data is 21b8d143
Read value is 0eebe71d
Write TB data is a5cd724b
Read value is d83a94b0
Write TB data is 4e5a1f9c
Read value is 0975f512
Write TB data is d6bc7aad
Read value is e126c4c2
Write TB data is 3b2de376
Read value is 5e58d9bc
Write TB data is 258d874b
Read value is 97d87c2f
Write TB data is 08d2e311
Read value is 50b473a1
Write TB data is 7e8461fd
Read value is 84e26209
Write TB data is 9f59c63e
Read value is e64980cc
Write TB data is 5b36a5b6
Read value is 101ac920
Write TB data is d1488ea2
Read value is de08dabc
Write TB data is f2bb34e5
Read value is 8b241e16
Write TB data is d87b36b0
Read value is cb133c96
Write TB data is 930eb226
Read value is 34ce1b69
Write TB data is 848d4409
Read value is 6a69abd4
Read value is 21b8d143
Write TB data is 3e5bcd7c
Read value is a5cd724b
Write TB data is b4159068
Write TB data is 0fb9a71f
Read value is 4e5a1f9c
Write TB data is f78476ef
Read value is d6bc7aad
Write TB data is 3757076e
Read value is 3b2de376
Write TB data is f19c70e3
Read value is 258d874b
Write TB data is 4cfe1199
Read value is 08d2e311
Write TB data is 6396e9c7
Read value is 7e8461fd
Write TB data is b04c4a60
Read value is 9f59c63e
Read value is 5b36a5b6
Write TB data is 2f26255e
Read value is d1488ea2
Write TB data is 01cedd03
Read value is f2bb34e5
Write TB data is 1b342936
Write TB data is dece9abd
Read value is d87b36b0
Write TB data is f1a39ae3
Read value is 930eb226
Write TB data is fcecacf9
Read value is 848d4409
Write TB data is c67d448c
Read value is 3e5bcd7c
Write TB data is 61f123c3
Read value is b4159068
Write TB data is 5a3043b4
Read value is 0fb9a71f
Write TB data is fd25ecfa
Read value is f78476ef
Read value is 3757076e
Write TB data is 49a43993
Read value is f19c70e3
Write TB data is fb4e74f6
Read value is 4cfe1199
Write TB data is 82f66805
Read value is 6396e9c7
Read value is b04c4a60
Write TB data is 1c736538
Read value is 2f26255e
Write TB data is 90188820
Write TB data is 6cebd9d9
Write TB data is 3aa8f175
Read value is 01cedd03
Write TB data is 6ea61ddd
Read value is 1b342936
Write TB data is ec8e24d9
Read value is dece9abd
Write TB data is c4ea8089
Read value is f1a39ae3
Write TB data is 4d48fd9a
Read value is fcecacf9
Write TB data is 8f809e1f
Read value is c67d448c
Write TB data is 224c3144
Read value is 61f123c3
Write TB data is de6fc6bc
Read value is 5a3043b4
Write TB data is f16954e2
Read value is fd25ecfa
Write TB data is aeba4e5d
Read value is 49a43993
Write TB data is b585626b
Read value is fb4e74f6
Write TB data is e585facb
Read value is 82f66805
Write TB data is d9261cb2
Read value is 1c736538
Write TB data is 4ac3c795
Read value is 90188820
Write TB data is 05ec110b
Read value is 6cebd9d9
Write TB data is 702babe0
Read value is 3aa8f175
Write TB data is 03a62707
Read value is 6ea61ddd
Write TB data is ad50005a
Read value is ec8e24d9
Write TB data is 37271d6e
Read value is c4ea8089
Write TB data is 31bb6763
Read value is 4d48fd9a
Write TB data is a6f6784d
Read value is 8f809e1f
Write TB data is 35b43b6b
Read value is 224c3144
Write TB data is c0a32481
Read value is de6fc6bc
Write TB data is d83ab8b0
Read value is f16954e2
Write TB data is 629f9bc5
Read value is aeba4e5d
Write TB data is 11ab5523
Read value is b585626b
Write TB data is ff34a6fe
Read value is e585facb
Write TB data is 2c379958
Read value is d9261cb2
Write TB data is 65339fca
Read value is 4ac3c795
Write TB data is 8623960c
Read value is 05ec110b
Write TB data is b10e6062
Read value is 702babe0
Write TB data is fcd256f9
Read value is 03a62707
Write TB data is 157f212a
Read value is ad50005a
Read value is 37271d6e
Write TB data is e367bec6
Read value is 31bb6763
Write TB data is 2cb2cb59
Read value is a6f6784d
Write TB data is 31249f62
Read value is 35b43b6b
Write TB data is 77df73ef
Read value is c0a32481
Write TB data is fdc6bcfb
Write TB data is 88ba5411
Read value is d83ab8b0
Write TB data is f187a0e3
Read value is 629f9bc5
Write TB data is 4cc99599
Read value is 11ab5523
Write TB data is e08768c1
Read value is ff34a6fe
Write TB data is c0be9681
Read value is 2c379958
Write TB data is ee5114dc
Read value is 65339fca
Write TB data is 1c50c138
Read value is 8623960c
Write TB data is 21b77943
Read value is b10e6062
Write TB data is be9c947d
Read value is fcd256f9
Write TB data is 59ef8fb3
Read value is 157f212a
Write TB data is b912f272
Read value is e367bec6
Write TB data is e9646cd2
Read value is 2cb2cb59
Write TB data is ada12c5b
Read value is 31249f62
Write TB data is ca637c94
Read value is 77df73ef
Write TB data is 2c28fd58
Read value is fdc6bcfb
Write TB data is 04158308
Read value is 88ba5411
Write TB data is 9d30d03a
Read value is f187a0e3
Write TB data is da81a8b5
Read value is 4cc99599
Write TB data is 74113be8
Read value is e08768c1
Write TB data is 31318962
Read value is c0be9681
Write TB data is 6a933bd5
Read value is ee5114dc
Write TB data is 03904507
Read value is 1c50c138
Write TB data is 92a73025
Read value is 21b77943
Write TB data is 0aa44b15
Read value is be9c947d
Read value is 59ef8fb3
Read value is b912f272
Write TB data is 1165f722
Write TB data is fd9a86fb
Read value is e9646cd2
Write TB data is d6db06ad
Write TB data is 2c174158
Read value is ada12c5b
Write TB data is 5c3143b8
Read value is ca637c94
Write TB data is fa734ef4
Read value is 2c28fd58
Write TB data is ee3416dc
Read value is 04158308
Write TB data is f327b8e6
Read value is 9d30d03a
Write TB data is ae52e85c
Read value is da81a8b5
Write TB data is 10d00b21
Read value is 74113be8
Write TB data is 515059a2
Read value is 31318962
Write TB data is bd7a3c7a
Read value is 6a933bd5
Write TB data is f6da98ed
Read value is 03904507
Write TB data is f9f4baf3
Read value is 92a73025
Write TB data is 514f43a2
Read value is 0aa44b15
Read value is 1165f722
Write TB data is a229ce44
Read value is fd9a86fb
Write TB data is d6aaecad
Read value is d6db06ad
Read value is 2c174158
Write TB data is 3ea86b7d
Write TB data is 30a43761
Read value is 5c3143b8
Write TB data is 4075db80
Read value is fa734ef4
Write TB data is 68f3f5d1
Read value is ee3416dc
Write TB data is 0480b109
Write TB data is 091d5712
Read value is f327b8e6
Write TB data is 3c6c0778
Read value is ae52e85c
Write TB data is 27e93d4f
Read value is 10d00b21
Write TB data is a09a6641
Read value is 515059a2
Write TB data is 2649894c
Read value is bd7a3c7a
Write TB data is 47901f8f
Read value is f6da98ed
Write TB data is fecd8cfd
Read value is f9f4baf3
Read value is 514f43a2
Write TB data is 756f27ea
Read value is a229ce44
Write TB data is f8e588f1
Write TB data is e87ce4d0
Read value is d6aaecad
Read value is 3ea86b7d
Write TB data is fff966ff
Read value is 30a43761
Write TB data is fa9cdaf5
Write TB data is f5fdc2eb
Read value is 4075db80
Read value is 68f3f5d1
Write TB data is a3cc7647
Read value is 0480b109
Write TB data is 24752d48
Read value is 091d5712
Write TB data is b653866c
Read value is 3c6c0778
Write TB data is db5308b6
Read value is 27e93d4f
Write TB data is d22702a4
Read value is a09a6641
Write TB data is 91783222
Write TB data is a2b18645
Read value is 2649894c
Write TB data is 377ce56e
Read value is 47901f8f
Write TB data is f5c91ceb
Read value is fecd8cfd
Write TB data is d9549eb2
Read value is 756f27ea
Write TB data is 6dc8b1db
Read value is f8e588f1
Write TB data is 949ac829
Read value is e87ce4d0
Write TB data is d7fdb8af
Read value is fff966ff
Write TB data is a24c7e44
Read value is fa9cdaf5
Write TB data is fae2f6f5
Read value is f5fdc2eb
Write TB data is 934b1226
Read value is a3cc7647
Write TB data is b71e186e
Read value is 24752d48
Write TB data is 8686b20d
Read value is b653866c
Write TB data is 28c2af51
Read value is db5308b6
Write TB data is 06eff70d
Read value is d22702a4
Write TB data is 180b2d30
Read value is 91783222
Write TB data is 383ac970
Read value is a2b18645
Write TB data is d0fba4a1
Read value is 377ce56e
Write TB data is 8d15161a
Read value is f5c91ceb
Write TB data is 8ebac41d
Read value is d9549eb2
Write TB data is d1da66a3
Read value is 6dc8b1db
Write TB data is d71d2eae
Read value is 949ac829
Write TB data is 7a5409f4
Read value is d7fdb8af
Write TB data is 8e0abc1c
Read value is a24c7e44
Write TB data is e1f542c3
Read value is fae2f6f5
Write TB data is 177dab2e
Read value is 934b1226
Write TB data is 11f38923
Read value is b71e186e
Write TB data is 6843bdd0
Read value is 8686b20d
Write TB data is f6319aec
Read value is 28c2af51
Write TB data is b9541872
Read value is 06eff70d
Write TB data is 1c52a338
Read value is 180b2d30
Write TB data is 51d0a9a3
Read value is 383ac970
Write TB data is 262faf4c
Read value is d0fba4a1
Write TB data is 4dd9d99b
Read value is 8d15161a
Write TB data is 6494e3c9
Read value is 8ebac41d
Write TB data is 1769d72e
Read value is d1da66a3
Write TB data is 2a7b7954
Read value is d71d2eae
Write TB data is 7e3a9ffc
Read value is 7a5409f4
Write TB data is 7922bdf2
Read value is 8e0abc1c
Read value is e1f542c3
Write TB data is 1b4bfd36
Read value is 177dab2e
Write TB data is 635a53c6
Write TB data is 3fa5057f
Read value is 11f38923
Write TB data is 4e6e7b9c
Read value is 6843bdd0
Write TB data is 4316f386
Read value is f6319aec
Write TB data is de90fabd
Read value is b9541872
Write TB data is 4a6a6794
Read value is 1c52a338
Read value is 51d0a9a3
Write TB data is 191efd32
Read value is 262faf4c
Read value is 4dd9d99b
Write TB data is def040bd
Read value is 6494e3c9
Write TB data is 9c4a5638
Write TB data is 02eb0905
Read value is 1769d72e
Write TB data is 91e83423
Read value is 2a7b7954
Write TB data is d6570aac
Read value is 7e3a9ffc
Write TB data is c57bee8a
Write TB data is ecbc1ad9
Read value is 7922bdf2
Write TB data is bb815e77
Read value is 1b4bfd36
Write TB data is f3a3e4e7
Read value is 635a53c6
Read value is 3fa5057f
Write TB data is d9db06b3
Write TB data is dc5c7cb8
Read value is 4e6e7b9c
Write TB data is 9233d624
Read value is 4316f386
Write TB data is 4f44659e
Read value is de90fabd
Write TB data is f24630e4
Read value is 4a6a6794
Write TB data is e89882d1
Read value is 191efd32
Read value is def040bd
Write TB data is ed9c8edb
Read value is 9c4a5638
Write TB data is e377b8c6
Read value is 02eb0905
Write TB data is 25fd354b
Read value is 91e83423
Write TB data is fa6fa0f4
Read value is d6570aac
Write TB data is 7f3aadfe
Read value is c57bee8a
Write TB data is d82354b0
Read value is ecbc1ad9
Write TB data is 2b271356
Read value is bb815e77
Write TB data is e872b4d0
Read value is f3a3e4e7
Write TB data is a4ce0c49
Write TB data is 587b75b0
Read value is d9db06b3
Read value is dc5c7cb8
Read value is 9233d624
Write TB data is 530fb3a6
Write TB data is 38025570
Read value is 4f44659e
Write TB data is a8e28051
Read value is f24630e4
Write TB data is ebd710d7
Read value is e89882d1
Write TB data is 71d211e3
Write TB data is d80398b0
Read value is ed9c8edb
Read value is e377b8c6
Write TB data is 92969a25
Write TB data is cd78c29a
Read value is 25fd354b
Write TB data is fc688cf8
Read value is fa6fa0f4
Write TB data is 1472d728
Read value is 7f3aadfe
Write TB data is d6823ead
Read value is d82354b0
Write TB data is 1a713334
Read value is 2b271356
Write TB data is 9eb5ca3d
Read value is e872b4d0
Write TB data is e5116cca
Read value is a4ce0c49
Write TB data is 83906c07
Read value is 587b75b0
Write TB data is 568751ad
Read value is 530fb3a6
Write TB data is 43f68f87
Read value is 38025570
Write TB data is 90ebac21
Read value is a8e28051
Write TB data is 12954725
Read value is ebd710d7
Read value is 71d211e3
Write TB data is a7c2f04f
Write TB data is 07bed50f
Read value is d80398b0
Read value is 92969a25
Write TB data is 3095a761
Read value is cd78c29a
Write TB data is c1701082
Read value is fc688cf8
Read value is 1472d728
Write TB data is 0968e712
Read value is d6823ead
Read value is 1a713334
Write TB data is 6ea379dd
Read value is 9eb5ca3d
Write TB data is 4e673d9c
Write TB data is 16c10b2d
Read value is e5116cca
Write TB data is 0c1ae318
Read value is 83906c07
Write TB data is b7f4026f
Write TB data is 3227f764
Read value is 568751ad
Write TB data is 5ff39dbf
Write TB data is b0bf3261
Read value is 43f68f87
Read value is 90ebac21
Write TB data is 3f34dd7e
Read value is 12954725
Write TB data is 06e8430d
Read value is a7c2f04f
Write TB data is befe687d
Read value is 07bed50f
Write TB data is 9c00ec38
Write TB data is 92722024
Read value is 3095a761
Write TB data is 8eca2c1d
Read value is c1701082
Read value is 0968e712
Write TB data is 955e002a
Read value is 6ea379dd
Write TB data is f5d00ceb
Write TB data is d4e792a9
Read value is 4e673d9c
Write TB data is 43a75987
Read value is 16c10b2d
Write TB data is 4576378a
Read value is 0c1ae318
Write TB data is 84cd0809
Read value is b7f4026f
Write TB data is bdaa9a7b
Read value is 3227f764
Write TB data is c645848c
Read value is 5ff39dbf
Write TB data is 18769f30
Read value is b0bf3261
Write TB data is 28fc2151
Read value is 3f34dd7e
Write TB data is 4564b38a
Read value is 06e8430d
Write TB data is 9a9aac35
Read value is befe687d
Write TB data is c8a66691
Read value is 9c00ec38
Write TB data is 7b085df6
Read value is 92722024
Read value is 8eca2c1d
Write TB data is 6c7fd7d8
Read value is 955e002a
Write TB data is 900b3620
Write TB data is 1b734b36
Read value is f5d00ceb
Write TB data is 3973d572
Read value is d4e792a9
Write TB data is c2563484
Read value is 43a75987
Write TB data is 2d7bd35a
Read value is 4576378a
Write TB data is a2a85a45
Read value is 84cd0809
Write TB data is c1400882
Read value is bdaa9a7b
Write TB data is 0d45191a
Read value is c645848c
Write TB data is f4f3b0e9
Read value is 18769f30
Write TB data is b6be3c6d
Read value is 28fc2151
Read value is 4564b38a
Write TB data is bb80b277
Write TB data is 95335c2a
Read value is 9a9aac35
Write TB data is 26cd734d
Read value is c8a66691
Write TB data is f97c06f2
Read value is 7b085df6
Write TB data is b7529a6e
Read value is 6c7fd7d8
Write TB data is 77dcf5ef
Read value is 900b3620
Write TB data is 9bb93237
Read value is 1b734b36
Write TB data is 6d1237da
Read value is 3973d572
Write TB data is 6b384dd6
Read value is c2563484
Write TB data is 48753190
Read value is 2d7bd35a
Write TB data is 93d1ec27
Read value is a2a85a45
Write TB data is e388e6c7
Read value is c1400882
Write TB data is 379be16f
Read value is 0d45191a
Write TB data is e986bad3
Read value is f4f3b0e9
Read value is b6be3c6d
Write TB data is f1d53ee3
Write TB data is 79870ff3
Read value is bb80b277
Write TB data is cded4a9b
Read value is 95335c2a
Write TB data is 0bd17317
Read value is 26cd734d
Write TB data is 9db9023b
Read value is f97c06f2
Write TB data is f2e4f2e5
Read value is b7529a6e
Write TB data is e69d40cd
Read value is 77dcf5ef
Write TB data is 66071bcc
Read value is 9bb93237
Write TB data is 9e57de3c
Read value is 6d1237da
Write TB data is 53e02ba7
Read value is 6b384dd6
Write TB data is 217b0f42
Read value is 48753190
Write TB data is d91570b2
Read value is 93d1ec27
Write TB data is 14a7c529
Read value is e388e6c7
Write TB data is 231f4d46
Read value is 379be16f
Write TB data is 0fcb171f
Read value is e986bad3
Write TB data is 541919a8
Read value is f1d53ee3
Read value is 79870ff3
Write TB data is e78090cf
Read value is cded4a9b
Write TB data is 0e082d1c
Write TB data is 9ff7383f
Read value is 0bd17317
Write TB data is 3664356c
Read value is 9db9023b
Write TB data is 622ebbc4
Read value is f2e4f2e5
Write TB data is 6f3fefde
Read value is e69d40cd
Write TB data is 30fc7161
Read value is 66071bcc
Write TB data is 89d3b813
Read value is 9e57de3c
Read value is 53e02ba7
Write TB data is 94422428
Read value is 217b0f42
Write TB data is cb5cc496
Read value is d91570b2
Write TB data is 4e134b9c
Write TB data is b75dd06e
Read value is 14a7c529
Write TB data is 07b4230f
Read value is 231f4d46
Write TB data is 487bc790
Read value is 0fcb171f
Write TB data is 5270a7a4
Read value is 541919a8
Write TB data is 1c893939
Read value is e78090cf
Write TB data is 0e5c0f1c
Read value is 0e082d1c
Write TB data is e37d92c6
Read value is 9ff7383f
Write TB data is ba61e674
Read value is 3664356c
Read value is 622ebbc4
Write TB data is 48270d90
Read value is 6f3fefde
Write TB data is 116b0122
Write TB data is d39282a7
Read value is 30fc7161
Write TB data is bb62d276
Read value is 89d3b813
Write TB data is fdf32cfb
Read value is 94422428
Write TB data is aa3c2e54
Read value is cb5cc496
Write TB data is 09abf513
Read value is 4e134b9c
Write TB data is 1248f524
Read value is b75dd06e
Write TB data is c7a62a8f
Read value is 07b4230f
Write TB data is 97d4f82f
Read value is 487bc790
Write TB data is 6915dbd2
Read value is 5270a7a4
Write TB data is c2005084
Read value is 1c893939
Write TB data is 59cfa1b3
Read value is 0e5c0f1c
Read value is e37d92c6
Write TB data is dc8f9cb9
Write TB data is 7e152bfc
Read value is ba61e674
Write TB data is 034e7906
Read value is 48270d90
Write TB data is cb782a96
Read value is 116b0122
Write TB data is b28de665
Read value is d39282a7
Write TB data is 64ccf3c9
Read value is bb62d276
Write TB data is f4672ae8
Read value is fdf32cfb
Write TB data is 442ebf88
Read value is aa3c2e54
Write TB data is 8fbf921f
Read value is 09abf513
Write TB data is 38008570
Read value is 1248f524
Write TB data is 4490ed89
Read value is c7a62a8f
Write TB data is 4fd3559f
Read value is 97d4f82f
Write TB data is 39c92573
Read value is 6915dbd2
Write TB data is 1225c124
Read value is c2005084
Write TB data is 387f8970
Read value is 59cfa1b3
Write TB data is 12bc8325
Read value is dc8f9cb9
Write TB data is c814e490
Read value is 7e152bfc
Write TB data is a9654a52
Read value is 034e7906
Write TB data is a3f08a47
Read value is cb782a96
Write TB data is 43a5cb87
Read value is b28de665
Write TB data is b548a46a
Read value is 64ccf3c9
Write TB data is 2f27d75e
Read value is f4672ae8
Write TB data is 1a608f34
Read value is 442ebf88
Write TB data is 15d2f52b
Read value is 8fbf921f
Write TB data is e58e94cb
Read value is 38008570
Write TB data is 1ec7013d
Read value is 4490ed89
Write TB data is 15fe6d2b
Read value is 4fd3559f
Write TB data is c6a9648d
Read value is 39c92573
Write TB data is 2d9ec15b
Read value is 1225c124
Read value is 387f8970
Write TB data is db69beb6
Write TB data is 1339eb26
Read value is 12bc8325
Read value is c814e490
Write TB data is 1f2fe33e
Read value is a9654a52
Write TB data is f9b9c6f3
Write TB data is 7ec40dfd
Read value is a3f08a47
Write TB data is cea0f89d
Read value is 43a5cb87
Write TB data is 84c29c09
Read value is b548a46a
Write TB data is 6f75afde
Read value is 2f27d75e
Write TB data is cfa4909f
Read value is 1a608f34
Write TB data is 30908b61
Read value is 15d2f52b
Write TB data is 8d0be21a
Read value is e58e94cb
Write TB data is dfaa72bf
Read value is 1ec7013d
Write TB data is b4895669
Read value is 15fe6d2b
Write TB data is 96a9f42d
Read value is c6a9648d
Read value is 2d9ec15b
Write TB data is 13bbf927
Write TB data is 5406e7a8
Read value is db69beb6
Write TB data is f0440ce0
Read value is 1339eb26
Write TB data is 2b78b156
Read value is 1f2fe33e
Write TB data is 74bc1de9
Read value is f9b9c6f3
Write TB data is efa020df
Read value is 7ec40dfd
Write TB data is 387fb170
Read value is cea0f89d
Write TB data is 50641da0
Read value is 84c29c09
Write TB data is 8e8c7c1d
Read value is 6f75afde
Write TB data is 56f19bad
Read value is cfa4909f
Write TB data is 7da4d1fb
Read value is 30908b61
Write TB data is 2dfe9f5b
Read value is 8d0be21a
Write TB data is 34615f68
Read value is dfaa72bf
Write TB data is f674e8ec
Read value is b4895669
Write TB data is 8ba2ca17
Read value is 96a9f42d
Write TB data is d9a37ab3
Read value is 13bbf927
Write TB data is 9dc52c3b
Read value is 5406e7a8
Write TB data is 70a58de1
Read value is f0440ce0
Write TB data is 0f9a8d1f
Read value is 2b78b156
Write TB data is 21c01f43
Read value is 74bc1de9
Write TB data is 21368942
Read value is efa020df
Write TB data is 028cf505
Read value is 387fb170
Write TB data is ad8f6c5b
Read value is 50641da0
Write TB data is b34e8266
Read value is 8e8c7c1d
Write TB data is 21dcc143
Read value is 56f19bad
Write TB data is 518019a3
Read value is 7da4d1fb
Write TB data is dca784b9
Read value is 2dfe9f5b
Write TB data is d5db26ab
Read value is 34615f68
Write TB data is 42030784
Read value is f674e8ec
Write TB data is 713bdbe2
Read value is 8ba2ca17
Write TB data is 543c85a8
Read value is d9a37ab3
Write TB data is 6b9103d7
Read value is 9dc52c3b
Write TB data is 0bf1bb17
Read value is 70a58de1
Write TB data is f2f614e5
Read value is 0f9a8d1f
Write TB data is 7ad8b5f5
Read value is 21c01f43
Write TB data is 2bebb957
Read value is 21368942
Read value is 028cf505
Write TB data is 90d08e21
Read value is ad8f6c5b
Write TB data is 82ab7c05
Read value is b34e8266
Write TB data is ffb388ff
Read value is 21dcc143
Write TB data is 4e55019c
Read value is 518019a3
Write TB data is 64b09bc9
Write TB data is 2ee8d35d
Read value is dca784b9
Write TB data is b0d50061
Read value is d5db26ab
Write TB data is 9d4baa3a
Read value is 42030784
Write TB data is 61fc47c3
Read value is 713bdbe2
Write TB data is 271a2f4e
Read value is 543c85a8
Write TB data is 1c17a338
Read value is 6b9103d7
Write TB data is dddebabb
Read value is 0bf1bb17
Write TB data is b686306d
Read value is f2f614e5
Write TB data is 83468006
Read value is 7ad8b5f5
Write TB data is 13ccdb27
Read value is 2bebb957
Write TB data is 7d88f1fb
Read value is 90d08e21
Write TB data is a04c8040
Read value is 82ab7c05
Write TB data is b8e41e71
Read value is ffb388ff
Write TB data is 77c501ef
Read value is 4e55019c
Write TB data is a8ac8451
Read value is 64b09bc9
Write TB data is f6da58ed
Read value is 2ee8d35d
Write TB data is d56e8eaa
Read value is b0d50061
Write TB data is 607e7bc0
Read value is 9d4baa3a
Read value is 61fc47c3
Write TB data is 84680808
Write TB data is fd1882fa
Read value is 271a2f4e
Read value is 1c17a338
Write TB data is 5ac71db5
Write TB data is 8775b60e
Read value is dddebabb
Write TB data is e38d82c7
Read value is b686306d
Write TB data is eb80b8d7
Read value is 83468006
Write TB data is 80998201
Read value is 13ccdb27
Write TB data is b2d81065
Read value is 7d88f1fb
Write TB data is 13c30927
Read value is a04c8040
Read value is b8e41e71
Write TB data is fb991ef7
Read value is 77c501ef
Write TB data is 89072012
Read value is a8ac8451
Write TB data is 1de84f3b
Write TB data is 9bb1ce37
Read value is f6da58ed
Write TB data is 31ca0b63
Read value is d56e8eaa
Write TB data is 4f094d9e
Read value is 607e7bc0
Write TB data is 900cfc20
Read value is 84680808
Write TB data is 9ffb523f
Read value is fd1882fa
Write TB data is 22395944
Read value is 5ac71db5
Write TB data is 5af4a9b5
Read value is 8775b60e
Write TB data is 82f23205
Read value is e38d82c7
Write TB data is 1875bf30
Read value is eb80b8d7
Write TB data is 1108db22
Read value is 80998201
Read value is b2d81065
Write TB data is a02a6e40
Write TB data is b19ee863
Read value is 13c30927
Write TB data is 5f51b7be
Read value is fb991ef7
Write TB data is 6e299bdc
Read value is 89072012
Read value is 1de84f3b
Write TB data is 7bdbd9f7
Write TB data is 9c035a38
Read value is 9bb1ce37
Write TB data is a1a96a43
Read value is 31ca0b63
Write TB data is 61b125c3
Read value is 4f094d9e
Write TB data is 5030aba0
Read value is 900cfc20
Write TB data is 6e95e1dd
Read value is 9ffb523f
Write TB data is 6adfcfd5
Read value is 22395944
Write TB data is a686ce4d
Read value is 5af4a9b5
Write TB data is cda20a9b
Read value is 82f23205
Write TB data is b601da6c
Read value is 1875bf30
Write TB data is 3d9c8b7b
Read value is 1108db22
Write TB data is b908e472
Read value is a02a6e40
Write TB data is af0b225e
Read value is b19ee863
Reached here - Summing up !
write data = c0895e81,read data = c0895e81,PASS
write data = 1e8dcd3d,read data = 1e8dcd3d,PASS
write data = e2f784c5,read data = e2f784c5,PASS
write data = 47ecdb8f,read data = 47ecdb8f,PASS
write data = f4007ae8,read data = f4007ae8,PASS
write data = de8e28bd,read data = de8e28bd,PASS
write data = 10642120,read data = 10642120,PASS
write data = cecccc9d,read data = cecccc9d,PASS
write data = d7563eae,read data = d7563eae,PASS
write data = 9e314c3c,read data = 9e314c3c,PASS
write data = 452e618a,read data = 452e618a,PASS
write data = c48a1289,read data = c48a1289,PASS
write data = 571513ae,read data = 571513ae,PASS
write data = 150fdd2a,read data = 150fdd2a,PASS
write data = 0aaa4b15,read data = 0aaa4b15,PASS
write data = 2635fb4c,read data = 2635fb4c,PASS
write data = dbcd60b7,read data = dbcd60b7,PASS
write data = 061d7f0c,read data = 061d7f0c,PASS
write data = bb825a77,read data = bb825a77,PASS
write data = bf05007e,read data = bf05007e,PASS
write data = c33f3886,read data = c33f3886,PASS
write data = ce2ff29c,read data = ce2ff29c,PASS
write data = 39961773,read data = 39961773,PASS
write data = 2d28db5a,read data = 2d28db5a,PASS
write data = b29fb665,read data = b29fb665,PASS
write data = 15090b2a,read data = 15090b2a,PASS
write data = cd5ebc9a,read data = cd5ebc9a,PASS
write data = 2779e94e,read data = 2779e94e,PASS
write data = 9c0e8a38,read data = 9c0e8a38,PASS
write data = 49c65d93,read data = 49c65d93,PASS
write data = acb7ca59,read data = acb7ca59,PASS
write data = 653b49ca,read data = 653b49ca,PASS
write data = 02749b04,read data = 02749b04,PASS
write data = 44018d88,read data = 44018d88,PASS
write data = 0e41451c,read data = 0e41451c,PASS
write data = 43356786,read data = 43356786,PASS
write data = b855c470,read data = b855c470,PASS
write data = 7d4779fa,read data = 7d4779fa,PASS
write data = 603921c0,read data = 603921c0,PASS
write data = 3e99837d,read data = 3e99837d,PASS
write data = 3c03ff78,read data = 3c03ff78,PASS
write data = ed8d80db,read data = ed8d80db,PASS
write data = b0bcee61,read data = b0bcee61,PASS
write data = a8639650,read data = a8639650,PASS
write data = c550168a,read data = c550168a,PASS
write data = 549efda9,read data = 549efda9,PASS
write data = 155a1d2a,read data = 155a1d2a,PASS
write data = 652345ca,read data = 652345ca,PASS
write data = da269ab4,read data = da269ab4,PASS
write data = 19452132,read data = 19452132,PASS
write data = bab14875,read data = bab14875,PASS
write data = d73fb4ae,read data = d73fb4ae,PASS
write data = 06b3050d,read data = 06b3050d,PASS
write data = 0c039d18,read data = 0c039d18,PASS
write data = 29efe953,read data = 29efe953,PASS
write data = 8273e204,read data = 8273e204,PASS
write data = 9c811239,read data = 9c811239,PASS
write data = cb5c8096,read data = cb5c8096,PASS
write data = 8919b412,read data = 8919b412,PASS
write data = d3a8e4a7,read data = d3a8e4a7,PASS
write data = ff4f3cfe,read data = ff4f3cfe,PASS
write data = b7dfaa6f,read data = b7dfaa6f,PASS
write data = 1c719738,read data = 1c719738,PASS
write data = e2bf1ac5,read data = e2bf1ac5,PASS
write data = 1e1c873c,read data = 1e1c873c,PASS
write data = 0aec3515,read data = 0aec3515,PASS
write data = 060a5d0c,read data = 060a5d0c,PASS
write data = ae78585c,read data = ae78585c,PASS
write data = d00b12a0,read data = d00b12a0,PASS
write data = 6e8af5dd,read data = 6e8af5dd,PASS
write data = 4219e784,read data = 4219e784,PASS
write data = 0beac117,read data = 0beac117,PASS
write data = 3e6f0f7c,read data = 3e6f0f7c,PASS
write data = 92831e25,read data = 92831e25,PASS
write data = a48f7c49,read data = a48f7c49,PASS
write data = 23907547,read data = 23907547,PASS
write data = 6851e5d0,read data = 6851e5d0,PASS
write data = 03e9b707,read data = 03e9b707,PASS
write data = a5e79e4b,read data = a5e79e4b,PASS
write data = 49b16f93,read data = 49b16f93,PASS
write data = aed72e5d,read data = aed72e5d,PASS
write data = 4226a984,read data = 4226a984,PASS
write data = b759ea6e,read data = b759ea6e,PASS
write data = 87e44c0f,read data = 87e44c0f,PASS
write data = 5c78b1b8,read data = 5c78b1b8,PASS
write data = 03878707,read data = 03878707,PASS
write data = e2ecdac5,read data = e2ecdac5,PASS
write data = d7b2e4af,read data = d7b2e4af,PASS
write data = f78576ef,read data = f78576ef,PASS
write data = 304e4d60,read data = 304e4d60,PASS
write data = 40aaf581,read data = 40aaf581,PASS
write data = 079fc30f,read data = 079fc30f,PASS
write data = d4b5e6a9,read data = d4b5e6a9,PASS
write data = 8326d406,read data = 8326d406,PASS
write data = 6e3d47dc,read data = 6e3d47dc,PASS
write data = ae23ce5c,read data = ae23ce5c,PASS
write data = ddd146bb,read data = ddd146bb,PASS
write data = e70f98ce,read data = e70f98ce,PASS
write data = baf4e275,read data = baf4e275,PASS
write data = 8aecbe15,read data = 8aecbe15,PASS
write data = 847fb208,read data = 847fb208,PASS
write data = 3d82bd7b,read data = 3d82bd7b,PASS
write data = 987b0830,read data = 987b0830,PASS
write data = d0cf6aa1,read data = d0cf6aa1,PASS
write data = 5e6065bc,read data = 5e6065bc,PASS
write data = cf309c9e,read data = cf309c9e,PASS
write data = 83fa6407,read data = 83fa6407,PASS
write data = c838f490,read data = c838f490,PASS
write data = a2cc8845,read data = a2cc8845,PASS
write data = d27f0aa4,read data = d27f0aa4,PASS
write data = f98bc0f3,read data = f98bc0f3,PASS
write data = 2e36435c,read data = 2e36435c,PASS
write data = e2f066c5,read data = e2f066c5,PASS
write data = 0633630c,read data = 0633630c,PASS
write data = 2ed6d95d,read data = 2ed6d95d,PASS
write data = 2ba7a557,read data = 2ba7a557,PASS
write data = bce32879,read data = bce32879,PASS
write data = 8b42ec16,read data = 8b42ec16,PASS
write data = 9759882e,read data = 9759882e,PASS
write data = ee7068dc,read data = ee7068dc,PASS
write data = c144cc82,read data = c144cc82,PASS
write data = f8c714f1,read data = f8c714f1,PASS
write data = b2d14a65,read data = b2d14a65,PASS
write data = f43a34e8,read data = f43a34e8,PASS
write data = 09164d12,read data = 09164d12,PASS
write data = 1b0f0d36,read data = 1b0f0d36,PASS
write data = e5ac10cb,read data = e5ac10cb,PASS
write data = 1e74cb3c,read data = 1e74cb3c,PASS
write data = 6e6d23dc,read data = 6e6d23dc,PASS
write data = 0073e500,read data = 0073e500,PASS
write data = 2fef3d5f,read data = 2fef3d5f,PASS
write data = b5b4e86b,read data = b5b4e86b,PASS
write data = 0650df0c,read data = 0650df0c,PASS
write data = 098d1513,read data = 098d1513,PASS
write data = 64f2bdc9,read data = 64f2bdc9,PASS
write data = e38e22c7,read data = e38e22c7,PASS
write data = 6da36fdb,read data = 6da36fdb,PASS
write data = c1233a82,read data = c1233a82,PASS
write data = a85a6a50,read data = a85a6a50,PASS
write data = 03703906,read data = 03703906,PASS
write data = 24673948,read data = 24673948,PASS
write data = 30e20f61,read data = 30e20f61,PASS
write data = 6b299dd6,read data = 6b299dd6,PASS
write data = 63323bc6,read data = 63323bc6,PASS
write data = 18bd6331,read data = 18bd6331,PASS
write data = b4e46669,read data = b4e46669,PASS
write data = c2e87485,read data = c2e87485,PASS
write data = 4d20099a,read data = 4d20099a,PASS
write data = 309cdb61,read data = 309cdb61,PASS
write data = 2a1d7354,read data = 2a1d7354,PASS
write data = 89646012,read data = 89646012,PASS
write data = 1ffb813f,read data = 1ffb813f,PASS
write data = d066e4a0,read data = d066e4a0,PASS
write data = f16948e2,read data = f16948e2,PASS
write data = 791189f2,read data = 791189f2,PASS
write data = aae0a255,read data = aae0a255,PASS
write data = d3fe36a7,read data = d3fe36a7,PASS
write data = a0b8a241,read data = a0b8a241,PASS
write data = 1b978f37,read data = 1b978f37,PASS
write data = 90184e20,read data = 90184e20,PASS
write data = 913e0222,read data = 913e0222,PASS
write data = 3d7f5b7a,read data = 3d7f5b7a,PASS
write data = 3e502d7c,read data = 3e502d7c,PASS
write data = 1bf8bd37,read data = 1bf8bd37,PASS
write data = fa328cf4,read data = fa328cf4,PASS
write data = f1a32ee3,read data = f1a32ee3,PASS
write data = 6e8d45dd,read data = 6e8d45dd,PASS
write data = 5db797bb,read data = 5db797bb,PASS
write data = 8570f60a,read data = 8570f60a,PASS
write data = 84e32609,read data = 84e32609,PASS
write data = bb062876,read data = bb062876,PASS
write data = d6aea8ad,read data = d6aea8ad,PASS
write data = 41bd6783,read data = 41bd6783,PASS
write data = fcf504f9,read data = fcf504f9,PASS
write data = e5063aca,read data = e5063aca,PASS
write data = 6f3425de,read data = 6f3425de,PASS
write data = 17bd872f,read data = 17bd872f,PASS
write data = 2ed66b5d,read data = 2ed66b5d,PASS
write data = cdbf3a9b,read data = cdbf3a9b,PASS
write data = c690128d,read data = c690128d,PASS
write data = d01df0a0,read data = d01df0a0,PASS
write data = 94a12e29,read data = 94a12e29,PASS
write data = 5cdc65b9,read data = 5cdc65b9,PASS
write data = cd57529a,read data = cd57529a,PASS
write data = bc1c0e78,read data = bc1c0e78,PASS
write data = e99b1cd3,read data = e99b1cd3,PASS
write data = 005d5100,read data = 005d5100,PASS
write data = b66a586c,read data = b66a586c,PASS
write data = ed4d78da,read data = ed4d78da,PASS
write data = a6490c4c,read data = a6490c4c,PASS
write data = c049c680,read data = c049c680,PASS
write data = c0ad8081,read data = c0ad8081,PASS
write data = 3f52937e,read data = 3f52937e,PASS
write data = 742819e8,read data = 742819e8,PASS
write data = ac509c58,read data = ac509c58,PASS
write data = ca0e4494,read data = ca0e4494,PASS
write data = 23301b46,read data = 23301b46,PASS
write data = 39092f72,read data = 39092f72,PASS
write data = e5ceb0cb,read data = e5ceb0cb,PASS
write data = c118be82,read data = c118be82,PASS
write data = 99183032,read data = 99183032,PASS
write data = 3ec2677d,read data = 3ec2677d,PASS
write data = c6878a8d,read data = c6878a8d,PASS
write data = 320a8b64,read data = 320a8b64,PASS
write data = f059ace0,read data = f059ace0,PASS
write data = b5c5c06b,read data = b5c5c06b,PASS
write data = 2798e34f,read data = 2798e34f,PASS
write data = 4f14c19e,read data = 4f14c19e,PASS
write data = a62c344c,read data = a62c344c,PASS
write data = 286f1350,read data = 286f1350,PASS
write data = f7fecaef,read data = f7fecaef,PASS
write data = aac1fa55,read data = aac1fa55,PASS
write data = e70a62ce,read data = e70a62ce,PASS
write data = 5b0c73b6,read data = 5b0c73b6,PASS
write data = 64d2d3c9,read data = 64d2d3c9,PASS
write data = 9a544234,read data = 9a544234,PASS
write data = 2764754e,read data = 2764754e,PASS
write data = ce96ca9d,read data = ce96ca9d,PASS
write data = 71a919e3,read data = 71a919e3,PASS
write data = 1568bb2a,read data = 1568bb2a,PASS
write data = 5d8e95bb,read data = 5d8e95bb,PASS
write data = 652825ca,read data = 652825ca,PASS
write data = 65a879cb,read data = 65a879cb,PASS
write data = 0207bb04,read data = 0207bb04,PASS
write data = a2ce0045,read data = a2ce0045,PASS
write data = a5b9424b,read data = a5b9424b,PASS
write data = f0b860e1,read data = f0b860e1,PASS
write data = 076adf0e,read data = 076adf0e,PASS
write data = fd9380fb,read data = fd9380fb,PASS
write data = 90b93021,read data = 90b93021,PASS
write data = 8a290014,read data = 8a290014,PASS
write data = 1f77b73e,read data = 1f77b73e,PASS
write data = 7d4b53fa,read data = 7d4b53fa,PASS
write data = 6e567bdc,read data = 6e567bdc,PASS
write data = 6b825dd7,read data = 6b825dd7,PASS
write data = 20dcbf41,read data = 20dcbf41,PASS
write data = 89bfac13,read data = 89bfac13,PASS
write data = 37890d6f,read data = 37890d6f,PASS
write data = 9295aa25,read data = 9295aa25,PASS
write data = 4506218a,read data = 4506218a,PASS
write data = 273fbf4e,read data = 273fbf4e,PASS
write data = ca698294,read data = ca698294,PASS
write data = 4c54e198,read data = 4c54e198,PASS
write data = c6ad048d,read data = c6ad048d,PASS
write data = d0ebcca1,read data = d0ebcca1,PASS
write data = e131eec2,read data = e131eec2,PASS
write data = cbb9e297,read data = cbb9e297,PASS
write data = 38bd8d71,read data = 38bd8d71,PASS
write data = f92c9af2,read data = f92c9af2,PASS
write data = 41524b82,read data = 41524b82,PASS
write data = 1550d12a,read data = 1550d12a,PASS
write data = a8e1aa51,read data = a8e1aa51,PASS
write data = aba92e57,read data = aba92e57,PASS
write data = 8079ac00,read data = 8079ac00,PASS
write data = 4b058b96,read data = 4b058b96,PASS
write data = f9f1d4f3,read data = f9f1d4f3,PASS
write data = 544fbfa8,read data = 544fbfa8,PASS
write data = 4eee339d,read data = 4eee339d,PASS
write data = efebd4df,read data = efebd4df,PASS
write data = 40f9f181,read data = 40f9f181,PASS
write data = bd823a7b,read data = bd823a7b,PASS
write data = 6b9ee1d7,read data = 6b9ee1d7,PASS
write data = 79068bf2,read data = 79068bf2,PASS
write data = a2e74e45,read data = a2e74e45,PASS
write data = acce1c59,read data = acce1c59,PASS
write data = c68ec48d,read data = c68ec48d,PASS
write data = f1cc38e3,read data = f1cc38e3,PASS
write data = f7298cee,read data = f7298cee,PASS
write data = 0254a704,read data = 0254a704,PASS
write data = 5982e1b3,read data = 5982e1b3,PASS
write data = 671fa9ce,read data = 671fa9ce,PASS
write data = ad676c5a,read data = ad676c5a,PASS
write data = 9ba78037,read data = 9ba78037,PASS
write data = 00308d00,read data = 00308d00,PASS
write data = 0eef5d1d,read data = 0eef5d1d,PASS
write data = ba8b9475,read data = ba8b9475,PASS
write data = 8895ba11,read data = 8895ba11,PASS
write data = d5bc72ab,read data = d5bc72ab,PASS
write data = e2ad84c5,read data = e2ad84c5,PASS
write data = 9f3b963e,read data = 9f3b963e,PASS
write data = 67b4c1cf,read data = 67b4c1cf,PASS
write data = 60fd93c1,read data = 60fd93c1,PASS
write data = a631ec4c,read data = a631ec4c,PASS
write data = 84732208,read data = 84732208,PASS
write data = 76f5e9ed,read data = 76f5e9ed,PASS
write data = f1d1a6e3,read data = f1d1a6e3,PASS
write data = e9c860d3,read data = e9c860d3,PASS
write data = 286cff50,read data = 286cff50,PASS
write data = 0e36671c,read data = 0e36671c,PASS
write data = 1cd73d39,read data = 1cd73d39,PASS
write data = 75f5b9eb,read data = 75f5b9eb,PASS
write data = 05cfaf0b,read data = 05cfaf0b,PASS
write data = 6e2e59dc,read data = 6e2e59dc,PASS
write data = d90912b2,read data = d90912b2,PASS
write data = 21a4cb43,read data = 21a4cb43,PASS
write data = 4b400196,read data = 4b400196,PASS
write data = d0a47ea1,read data = d0a47ea1,PASS
write data = e33e50c6,read data = e33e50c6,PASS
write data = 9e35b03c,read data = 9e35b03c,PASS
write data = 6e56b7dc,read data = 6e56b7dc,PASS
write data = e7191ace,read data = e7191ace,PASS
write data = 9e73603c,read data = 9e73603c,PASS
write data = 04958b09,read data = 04958b09,PASS
write data = 0955b312,read data = 0955b312,PASS
write data = fa88e0f5,read data = fa88e0f5,PASS
write data = f8845ef1,read data = f8845ef1,PASS
write data = a8a35e51,read data = a8a35e51,PASS
write data = 3fae597f,read data = 3fae597f,PASS
write data = 39e2d773,read data = 39e2d773,PASS
write data = 8d0cb81a,read data = 8d0cb81a,PASS
write data = 06fddf0d,read data = 06fddf0d,PASS
write data = efcf68df,read data = efcf68df,PASS
write data = f144ace2,read data = f144ace2,PASS
write data = f91cdef2,read data = f91cdef2,PASS
write data = d22472a4,read data = d22472a4,PASS
write data = c36d3e86,read data = c36d3e86,PASS
write data = e3377ec6,read data = e3377ec6,PASS
write data = c33d2a86,read data = c33d2a86,PASS
write data = 7be417f7,read data = 7be417f7,PASS
write data = fa8304f5,read data = fa8304f5,PASS
write data = 0e62ab1c,read data = 0e62ab1c,PASS
write data = eaacb0d5,read data = eaacb0d5,PASS
write data = 8d6da61a,read data = 8d6da61a,PASS
write data = 32387b64,read data = 32387b64,PASS
write data = 33b8f767,read data = 33b8f767,PASS
write data = b60c3a6c,read data = b60c3a6c,PASS
write data = e004a0c0,read data = e004a0c0,PASS
write data = b22cf464,read data = b22cf464,PASS
write data = 6c776fd8,read data = 6c776fd8,PASS
write data = 6815d9d0,read data = 6815d9d0,PASS
write data = 1a0ec734,read data = 1a0ec734,PASS
write data = 5053dba0,read data = 5053dba0,PASS
write data = 8589c40b,read data = 8589c40b,PASS
write data = ba340674,read data = ba340674,PASS
write data = a5eff84b,read data = a5eff84b,PASS
write data = 526f9ba4,read data = 526f9ba4,PASS
write data = 3929c572,read data = 3929c572,PASS
write data = 34c37d69,read data = 34c37d69,PASS
write data = 95d7182b,read data = 95d7182b,PASS
write data = 6b27f3d6,read data = 6b27f3d6,PASS
write data = 61aabbc3,read data = 61aabbc3,PASS
write data = 3dc5677b,read data = 3dc5677b,PASS
write data = 713fabe2,read data = 713fabe2,PASS
write data = 0bf91f17,read data = 0bf91f17,PASS
write data = f0cca8e1,read data = f0cca8e1,PASS
write data = 34f8bb69,read data = 34f8bb69,PASS
write data = 26afad4d,read data = 26afad4d,PASS
write data = f83cb4f0,read data = f83cb4f0,PASS
write data = 7f4d65fe,read data = 7f4d65fe,PASS
write data = 1dc2173b,read data = 1dc2173b,PASS
write data = 0ceae119,read data = 0ceae119,PASS
write data = eb8244d7,read data = eb8244d7,PASS
write data = e6720ccc,read data = e6720ccc,PASS
write data = 5553b1aa,read data = 5553b1aa,PASS
write data = 08cf1111,read data = 08cf1111,PASS
write data = a6b8ee4d,read data = a6b8ee4d,PASS
write data = 783865f0,read data = 783865f0,PASS
write data = feb99efd,read data = feb99efd,PASS
write data = 8d19d01a,read data = 8d19d01a,PASS
write data = ec8c7ad9,read data = ec8c7ad9,PASS
write data = d1b31ca3,read data = d1b31ca3,PASS
write data = 7c23eff8,read data = 7c23eff8,PASS
write data = 32a20765,read data = 32a20765,PASS
write data = bc02d878,read data = bc02d878,PASS
write data = 5e1f11bc,read data = 5e1f11bc,PASS
write data = 64ebe3c9,read data = 64ebe3c9,PASS
write data = d2aa00a5,read data = d2aa00a5,PASS
write data = 987aa230,read data = 987aa230,PASS
write data = d62d8aac,read data = d62d8aac,PASS
write data = f74b14ee,read data = f74b14ee,PASS
write data = 576d0dae,read data = 576d0dae,PASS
write data = 56e64bad,read data = 56e64bad,PASS
write data = 07d7b30f,read data = 07d7b30f,PASS
write data = 93a3c027,read data = 93a3c027,PASS
write data = 8b1f5816,read data = 8b1f5816,PASS
write data = 6b0367d6,read data = 6b0367d6,PASS
write data = 2a23a754,read data = 2a23a754,PASS
write data = 6a9e65d5,read data = 6a9e65d5,PASS
write data = 55574baa,read data = 55574baa,PASS
write data = 560e15ac,read data = 560e15ac,PASS
write data = 487dd390,read data = 487dd390,PASS
write data = 1c6dc538,read data = 1c6dc538,PASS
write data = 1f0cf13e,read data = 1f0cf13e,PASS
write data = 56ec05ad,read data = 56ec05ad,PASS
write data = 64064bc8,read data = 64064bc8,PASS
write data = b85fac70,read data = b85fac70,PASS
write data = 20ec8141,read data = 20ec8141,PASS
write data = efc052df,read data = efc052df,PASS
write data = c053be80,read data = c053be80,PASS
write data = c61fde8c,read data = c61fde8c,PASS
write data = ed93bcdb,read data = ed93bcdb,PASS
write data = b2d0f065,read data = b2d0f065,PASS
write data = 4ddcd99b,read data = 4ddcd99b,PASS
write data = 7c552ff8,read data = 7c552ff8,PASS
write data = 49110f92,read data = 49110f92,PASS
write data = b614b06c,read data = b614b06c,PASS
write data = e6aaaccd,read data = e6aaaccd,PASS
write data = 60bbadc1,read data = 60bbadc1,PASS
write data = c8158e90,read data = c8158e90,PASS
write data = fc1250f8,read data = fc1250f8,PASS
write data = 16b9412d,read data = 16b9412d,PASS
write data = 9f43423e,read data = 9f43423e,PASS
write data = 568913ad,read data = 568913ad,PASS
write data = eb5d8cd6,read data = eb5d8cd6,PASS
write data = c9c31693,read data = c9c31693,PASS
write data = 26b6814d,read data = 26b6814d,PASS
write data = 3958fd72,read data = 3958fd72,PASS
write data = 319f1963,read data = 319f1963,PASS
write data = da7cbcb4,read data = da7cbcb4,PASS
write data = 32221564,read data = 32221564,PASS
write data = eb715cd6,read data = eb715cd6,PASS
write data = a4884649,read data = a4884649,PASS
write data = 32443b64,read data = 32443b64,PASS
write data = 87e7080f,read data = 87e7080f,PASS
write data = 2f376f5e,read data = 2f376f5e,PASS
write data = 7e3a63fc,read data = 7e3a63fc,PASS
write data = 4d7a999a,read data = 4d7a999a,PASS
write data = 9c85be39,read data = 9c85be39,PASS
write data = 2fcecb5f,read data = 2fcecb5f,PASS
write data = 6c1efbd8,read data = 6c1efbd8,PASS
write data = 21a1b143,read data = 21a1b143,PASS
write data = 31f94b63,read data = 31f94b63,PASS
write data = 1766ab2e,read data = 1766ab2e,PASS
write data = a6919a4d,read data = a6919a4d,PASS
write data = 21ea1343,read data = 21ea1343,PASS
write data = 20be3541,read data = 20be3541,PASS
write data = 6d4019da,read data = 6d4019da,PASS
write data = 9fbcd63f,read data = 9fbcd63f,PASS
write data = 5905e9b2,read data = 5905e9b2,PASS
write data = a4dcf249,read data = a4dcf249,PASS
write data = b29dfc65,read data = b29dfc65,PASS
write data = 5b8eebb7,read data = 5b8eebb7,PASS
write data = ab201c56,read data = ab201c56,PASS
write data = 0cf57319,read data = 0cf57319,PASS
write data = df0990be,read data = df0990be,PASS
write data = 2480eb49,read data = 2480eb49,PASS
write data = 5470aba8,read data = 5470aba8,PASS
write data = 73a06fe7,read data = 73a06fe7,PASS
write data = 93a27027,read data = 93a27027,PASS
write data = ab9b7457,read data = ab9b7457,PASS
write data = 51d24ba3,read data = 51d24ba3,PASS
write data = af4f105e,read data = af4f105e,PASS
write data = d40140a8,read data = d40140a8,PASS
write data = a1aee843,read data = a1aee843,PASS
write data = 98c05e31,read data = 98c05e31,PASS
write data = df93f2bf,read data = df93f2bf,PASS
write data = 8d58b81a,read data = 8d58b81a,PASS
write data = 619f21c3,read data = 619f21c3,PASS
write data = 442ff588,read data = 442ff588,PASS
write data = 6259bfc4,read data = 6259bfc4,PASS
write data = 1e35313c,read data = 1e35313c,PASS
write data = b1959a63,read data = b1959a63,PASS
write data = 05e5f90b,read data = 05e5f90b,PASS
write data = 2e34895c,read data = 2e34895c,PASS
write data = 1cdb0b39,read data = 1cdb0b39,PASS
write data = fdc920fb,read data = fdc920fb,PASS
write data = 7417c5e8,read data = 7417c5e8,PASS
write data = 3cd20b79,read data = 3cd20b79,PASS
write data = 14c61529,read data = 14c61529,PASS
write data = 87e4b40f,read data = 87e4b40f,PASS
write data = cb044896,read data = cb044896,PASS
write data = ee1536dc,read data = ee1536dc,PASS
write data = ab570856,read data = ab570856,PASS
write data = 0abb2b15,read data = 0abb2b15,PASS
write data = 5b52ffb6,read data = 5b52ffb6,PASS
write data = 2dcbe75b,read data = 2dcbe75b,PASS
write data = 46278b8c,read data = 46278b8c,PASS
write data = 6a81abd5,read data = 6a81abd5,PASS
write data = 6e5811dc,read data = 6e5811dc,PASS
write data = 8b574216,read data = 8b574216,PASS
write data = 1a471b34,read data = 1a471b34,PASS
write data = cd5ffc9a,read data = cd5ffc9a,PASS
write data = 0dde871b,read data = 0dde871b,PASS
write data = 3443f568,read data = 3443f568,PASS
write data = 61157fc2,read data = 61157fc2,PASS
write data = 4e7f979c,read data = 4e7f979c,PASS
write data = 37cae76f,read data = 37cae76f,PASS
write data = 7dc681fb,read data = 7dc681fb,PASS
write data = 45d1bd8b,read data = 45d1bd8b,PASS
write data = ab590a56,read data = ab590a56,PASS
write data = 25cc0d4b,read data = 25cc0d4b,PASS
write data = 2bebdd57,read data = 2bebdd57,PASS
write data = 992d7432,read data = 992d7432,PASS
write data = c626528c,read data = c626528c,PASS
write data = 12237b24,read data = 12237b24,PASS
write data = a953de52,read data = a953de52,PASS
write data = 91efc423,read data = 91efc423,PASS
write data = ec4f02d8,read data = ec4f02d8,PASS
write data = 73fbede7,read data = 73fbede7,PASS
write data = df43b8be,read data = df43b8be,PASS
write data = ec3e28d8,read data = ec3e28d8,PASS
write data = 29f9eb53,read data = 29f9eb53,PASS
write data = 050d010a,read data = 050d010a,PASS
write data = a2cf5245,read data = a2cf5245,PASS
write data = 1a1a2134,read data = 1a1a2134,PASS
write data = de98cabd,read data = de98cabd,PASS
write data = 52691da4,read data = 52691da4,PASS
write data = a76f484e,read data = a76f484e,PASS
write data = 257abb4a,read data = 257abb4a,PASS
write data = 7df557fb,read data = 7df557fb,PASS
write data = 81380c02,read data = 81380c02,PASS
write data = 1c62cb38,read data = 1c62cb38,PASS
write data = f0064ae0,read data = f0064ae0,PASS
write data = 54b7c1a9,read data = 54b7c1a9,PASS
write data = 484a4390,read data = 484a4390,PASS
write data = d60020ac,read data = d60020ac,PASS
write data = 4ff5539f,read data = 4ff5539f,PASS
write data = 9c445a38,read data = 9c445a38,PASS
write data = 34771368,read data = 34771368,PASS
write data = 3fb95b7f,read data = 3fb95b7f,PASS
write data = 5a465fb4,read data = 5a465fb4,PASS
write data = 0eebe71d,read data = 0eebe71d,PASS
write data = d83a94b0,read data = d83a94b0,PASS
write data = 0975f512,read data = 0975f512,PASS
write data = e126c4c2,read data = e126c4c2,PASS
write data = 5e58d9bc,read data = 5e58d9bc,PASS
write data = 97d87c2f,read data = 97d87c2f,PASS
write data = 50b473a1,read data = 50b473a1,PASS
write data = 84e26209,read data = 84e26209,PASS
write data = e64980cc,read data = e64980cc,PASS
write data = 101ac920,read data = 101ac920,PASS
write data = de08dabc,read data = de08dabc,PASS
write data = 8b241e16,read data = 8b241e16,PASS
write data = cb133c96,read data = cb133c96,PASS
write data = 34ce1b69,read data = 34ce1b69,PASS
write data = 6a69abd4,read data = 6a69abd4,PASS
write data = 21b8d143,read data = 21b8d143,PASS
write data = a5cd724b,read data = a5cd724b,PASS
write data = 4e5a1f9c,read data = 4e5a1f9c,PASS
write data = d6bc7aad,read data = d6bc7aad,PASS
write data = 3b2de376,read data = 3b2de376,PASS
write data = 258d874b,read data = 258d874b,PASS
write data = 08d2e311,read data = 08d2e311,PASS
write data = 7e8461fd,read data = 7e8461fd,PASS
write data = 9f59c63e,read data = 9f59c63e,PASS
write data = 5b36a5b6,read data = 5b36a5b6,PASS
write data = d1488ea2,read data = d1488ea2,PASS
write data = f2bb34e5,read data = f2bb34e5,PASS
write data = d87b36b0,read data = d87b36b0,PASS
write data = 930eb226,read data = 930eb226,PASS
write data = 848d4409,read data = 848d4409,PASS
write data = 3e5bcd7c,read data = 3e5bcd7c,PASS
write data = b4159068,read data = b4159068,PASS
write data = 0fb9a71f,read data = 0fb9a71f,PASS
write data = f78476ef,read data = f78476ef,PASS
write data = 3757076e,read data = 3757076e,PASS
write data = f19c70e3,read data = f19c70e3,PASS
write data = 4cfe1199,read data = 4cfe1199,PASS
write data = 6396e9c7,read data = 6396e9c7,PASS
write data = b04c4a60,read data = b04c4a60,PASS
write data = 2f26255e,read data = 2f26255e,PASS
write data = 01cedd03,read data = 01cedd03,PASS
write data = 1b342936,read data = 1b342936,PASS
write data = dece9abd,read data = dece9abd,PASS
write data = f1a39ae3,read data = f1a39ae3,PASS
write data = fcecacf9,read data = fcecacf9,PASS
write data = c67d448c,read data = c67d448c,PASS
write data = 61f123c3,read data = 61f123c3,PASS
write data = 5a3043b4,read data = 5a3043b4,PASS
write data = fd25ecfa,read data = fd25ecfa,PASS
write data = 49a43993,read data = 49a43993,PASS
write data = fb4e74f6,read data = fb4e74f6,PASS
write data = 82f66805,read data = 82f66805,PASS
write data = 1c736538,read data = 1c736538,PASS
write data = 90188820,read data = 90188820,PASS
write data = 6cebd9d9,read data = 6cebd9d9,PASS
write data = 3aa8f175,read data = 3aa8f175,PASS
write data = 6ea61ddd,read data = 6ea61ddd,PASS
write data = ec8e24d9,read data = ec8e24d9,PASS
write data = c4ea8089,read data = c4ea8089,PASS
write data = 4d48fd9a,read data = 4d48fd9a,PASS
write data = 8f809e1f,read data = 8f809e1f,PASS
write data = 224c3144,read data = 224c3144,PASS
write data = de6fc6bc,read data = de6fc6bc,PASS
write data = f16954e2,read data = f16954e2,PASS
write data = aeba4e5d,read data = aeba4e5d,PASS
write data = b585626b,read data = b585626b,PASS
write data = e585facb,read data = e585facb,PASS
write data = d9261cb2,read data = d9261cb2,PASS
write data = 4ac3c795,read data = 4ac3c795,PASS
write data = 05ec110b,read data = 05ec110b,PASS
write data = 702babe0,read data = 702babe0,PASS
write data = 03a62707,read data = 03a62707,PASS
write data = ad50005a,read data = ad50005a,PASS
write data = 37271d6e,read data = 37271d6e,PASS
write data = 31bb6763,read data = 31bb6763,PASS
write data = a6f6784d,read data = a6f6784d,PASS
write data = 35b43b6b,read data = 35b43b6b,PASS
write data = c0a32481,read data = c0a32481,PASS
write data = d83ab8b0,read data = d83ab8b0,PASS
write data = 629f9bc5,read data = 629f9bc5,PASS
write data = 11ab5523,read data = 11ab5523,PASS
write data = ff34a6fe,read data = ff34a6fe,PASS
write data = 2c379958,read data = 2c379958,PASS
write data = 65339fca,read data = 65339fca,PASS
write data = 8623960c,read data = 8623960c,PASS
write data = b10e6062,read data = b10e6062,PASS
write data = fcd256f9,read data = fcd256f9,PASS
write data = 157f212a,read data = 157f212a,PASS
write data = e367bec6,read data = e367bec6,PASS
write data = 2cb2cb59,read data = 2cb2cb59,PASS
write data = 31249f62,read data = 31249f62,PASS
write data = 77df73ef,read data = 77df73ef,PASS
write data = fdc6bcfb,read data = fdc6bcfb,PASS
write data = 88ba5411,read data = 88ba5411,PASS
write data = f187a0e3,read data = f187a0e3,PASS
write data = 4cc99599,read data = 4cc99599,PASS
write data = e08768c1,read data = e08768c1,PASS
write data = c0be9681,read data = c0be9681,PASS
write data = ee5114dc,read data = ee5114dc,PASS
write data = 1c50c138,read data = 1c50c138,PASS
write data = 21b77943,read data = 21b77943,PASS
write data = be9c947d,read data = be9c947d,PASS
write data = 59ef8fb3,read data = 59ef8fb3,PASS
write data = b912f272,read data = b912f272,PASS
write data = e9646cd2,read data = e9646cd2,PASS
write data = ada12c5b,read data = ada12c5b,PASS
write data = ca637c94,read data = ca637c94,PASS
write data = 2c28fd58,read data = 2c28fd58,PASS
write data = 04158308,read data = 04158308,PASS
write data = 9d30d03a,read data = 9d30d03a,PASS
write data = da81a8b5,read data = da81a8b5,PASS
write data = 74113be8,read data = 74113be8,PASS
write data = 31318962,read data = 31318962,PASS
write data = 6a933bd5,read data = 6a933bd5,PASS
write data = 03904507,read data = 03904507,PASS
write data = 92a73025,read data = 92a73025,PASS
write data = 0aa44b15,read data = 0aa44b15,PASS
write data = 1165f722,read data = 1165f722,PASS
write data = fd9a86fb,read data = fd9a86fb,PASS
write data = d6db06ad,read data = d6db06ad,PASS
write data = 2c174158,read data = 2c174158,PASS
write data = 5c3143b8,read data = 5c3143b8,PASS
write data = fa734ef4,read data = fa734ef4,PASS
write data = ee3416dc,read data = ee3416dc,PASS
write data = f327b8e6,read data = f327b8e6,PASS
write data = ae52e85c,read data = ae52e85c,PASS
write data = 10d00b21,read data = 10d00b21,PASS
write data = 515059a2,read data = 515059a2,PASS
write data = bd7a3c7a,read data = bd7a3c7a,PASS
write data = f6da98ed,read data = f6da98ed,PASS
write data = f9f4baf3,read data = f9f4baf3,PASS
write data = 514f43a2,read data = 514f43a2,PASS
write data = a229ce44,read data = a229ce44,PASS
write data = d6aaecad,read data = d6aaecad,PASS
write data = 3ea86b7d,read data = 3ea86b7d,PASS
write data = 30a43761,read data = 30a43761,PASS
write data = 4075db80,read data = 4075db80,PASS
write data = 68f3f5d1,read data = 68f3f5d1,PASS
write data = 0480b109,read data = 0480b109,PASS
write data = 091d5712,read data = 091d5712,PASS
write data = 3c6c0778,read data = 3c6c0778,PASS
write data = 27e93d4f,read data = 27e93d4f,PASS
write data = a09a6641,read data = a09a6641,PASS
write data = 2649894c,read data = 2649894c,PASS
write data = 47901f8f,read data = 47901f8f,PASS
write data = fecd8cfd,read data = fecd8cfd,PASS
write data = 756f27ea,read data = 756f27ea,PASS
write data = f8e588f1,read data = f8e588f1,PASS
write data = e87ce4d0,read data = e87ce4d0,PASS
write data = fff966ff,read data = fff966ff,PASS
write data = fa9cdaf5,read data = fa9cdaf5,PASS
write data = f5fdc2eb,read data = f5fdc2eb,PASS
write data = a3cc7647,read data = a3cc7647,PASS
write data = 24752d48,read data = 24752d48,PASS
write data = b653866c,read data = b653866c,PASS
write data = db5308b6,read data = db5308b6,PASS
write data = d22702a4,read data = d22702a4,PASS
write data = 91783222,read data = 91783222,PASS
write data = a2b18645,read data = a2b18645,PASS
write data = 377ce56e,read data = 377ce56e,PASS
write data = f5c91ceb,read data = f5c91ceb,PASS
write data = d9549eb2,read data = d9549eb2,PASS
write data = 6dc8b1db,read data = 6dc8b1db,PASS
write data = 949ac829,read data = 949ac829,PASS
write data = d7fdb8af,read data = d7fdb8af,PASS
write data = a24c7e44,read data = a24c7e44,PASS
write data = fae2f6f5,read data = fae2f6f5,PASS
write data = 934b1226,read data = 934b1226,PASS
write data = b71e186e,read data = b71e186e,PASS
write data = 8686b20d,read data = 8686b20d,PASS
write data = 28c2af51,read data = 28c2af51,PASS
write data = 06eff70d,read data = 06eff70d,PASS
write data = 180b2d30,read data = 180b2d30,PASS
write data = 383ac970,read data = 383ac970,PASS
write data = d0fba4a1,read data = d0fba4a1,PASS
write data = 8d15161a,read data = 8d15161a,PASS
write data = 8ebac41d,read data = 8ebac41d,PASS
write data = d1da66a3,read data = d1da66a3,PASS
write data = d71d2eae,read data = d71d2eae,PASS
write data = 7a5409f4,read data = 7a5409f4,PASS
write data = 8e0abc1c,read data = 8e0abc1c,PASS
write data = e1f542c3,read data = e1f542c3,PASS
write data = 177dab2e,read data = 177dab2e,PASS
write data = 11f38923,read data = 11f38923,PASS
write data = 6843bdd0,read data = 6843bdd0,PASS
write data = f6319aec,read data = f6319aec,PASS
write data = b9541872,read data = b9541872,PASS
write data = 1c52a338,read data = 1c52a338,PASS
write data = 51d0a9a3,read data = 51d0a9a3,PASS
write data = 262faf4c,read data = 262faf4c,PASS
write data = 4dd9d99b,read data = 4dd9d99b,PASS
write data = 6494e3c9,read data = 6494e3c9,PASS
write data = 1769d72e,read data = 1769d72e,PASS
write data = 2a7b7954,read data = 2a7b7954,PASS
write data = 7e3a9ffc,read data = 7e3a9ffc,PASS
write data = 7922bdf2,read data = 7922bdf2,PASS
write data = 1b4bfd36,read data = 1b4bfd36,PASS
write data = 635a53c6,read data = 635a53c6,PASS
write data = 3fa5057f,read data = 3fa5057f,PASS
write data = 4e6e7b9c,read data = 4e6e7b9c,PASS
write data = 4316f386,read data = 4316f386,PASS
write data = de90fabd,read data = de90fabd,PASS
write data = 4a6a6794,read data = 4a6a6794,PASS
write data = 191efd32,read data = 191efd32,PASS
write data = def040bd,read data = def040bd,PASS
write data = 9c4a5638,read data = 9c4a5638,PASS
write data = 02eb0905,read data = 02eb0905,PASS
write data = 91e83423,read data = 91e83423,PASS
write data = d6570aac,read data = d6570aac,PASS
write data = c57bee8a,read data = c57bee8a,PASS
write data = ecbc1ad9,read data = ecbc1ad9,PASS
write data = bb815e77,read data = bb815e77,PASS
write data = f3a3e4e7,read data = f3a3e4e7,PASS
write data = d9db06b3,read data = d9db06b3,PASS
write data = dc5c7cb8,read data = dc5c7cb8,PASS
write data = 9233d624,read data = 9233d624,PASS
write data = 4f44659e,read data = 4f44659e,PASS
write data = f24630e4,read data = f24630e4,PASS
write data = e89882d1,read data = e89882d1,PASS
write data = ed9c8edb,read data = ed9c8edb,PASS
write data = e377b8c6,read data = e377b8c6,PASS
write data = 25fd354b,read data = 25fd354b,PASS
write data = fa6fa0f4,read data = fa6fa0f4,PASS
write data = 7f3aadfe,read data = 7f3aadfe,PASS
write data = d82354b0,read data = d82354b0,PASS
write data = 2b271356,read data = 2b271356,PASS
write data = e872b4d0,read data = e872b4d0,PASS
write data = a4ce0c49,read data = a4ce0c49,PASS
write data = 587b75b0,read data = 587b75b0,PASS
write data = 530fb3a6,read data = 530fb3a6,PASS
write data = 38025570,read data = 38025570,PASS
write data = a8e28051,read data = a8e28051,PASS
write data = ebd710d7,read data = ebd710d7,PASS
write data = 71d211e3,read data = 71d211e3,PASS
write data = d80398b0,read data = d80398b0,PASS
write data = 92969a25,read data = 92969a25,PASS
write data = cd78c29a,read data = cd78c29a,PASS
write data = fc688cf8,read data = fc688cf8,PASS
write data = 1472d728,read data = 1472d728,PASS
write data = d6823ead,read data = d6823ead,PASS
write data = 1a713334,read data = 1a713334,PASS
write data = 9eb5ca3d,read data = 9eb5ca3d,PASS
write data = e5116cca,read data = e5116cca,PASS
write data = 83906c07,read data = 83906c07,PASS
write data = 568751ad,read data = 568751ad,PASS
write data = 43f68f87,read data = 43f68f87,PASS
write data = 90ebac21,read data = 90ebac21,PASS
write data = 12954725,read data = 12954725,PASS
write data = a7c2f04f,read data = a7c2f04f,PASS
write data = 07bed50f,read data = 07bed50f,PASS
write data = 3095a761,read data = 3095a761,PASS
write data = c1701082,read data = c1701082,PASS
write data = 0968e712,read data = 0968e712,PASS
write data = 6ea379dd,read data = 6ea379dd,PASS
write data = 4e673d9c,read data = 4e673d9c,PASS
write data = 16c10b2d,read data = 16c10b2d,PASS
write data = 0c1ae318,read data = 0c1ae318,PASS
write data = b7f4026f,read data = b7f4026f,PASS
write data = 3227f764,read data = 3227f764,PASS
write data = 5ff39dbf,read data = 5ff39dbf,PASS
write data = b0bf3261,read data = b0bf3261,PASS
write data = 3f34dd7e,read data = 3f34dd7e,PASS
write data = 06e8430d,read data = 06e8430d,PASS
write data = befe687d,read data = befe687d,PASS
write data = 9c00ec38,read data = 9c00ec38,PASS
write data = 92722024,read data = 92722024,PASS
write data = 8eca2c1d,read data = 8eca2c1d,PASS
write data = 955e002a,read data = 955e002a,PASS
write data = f5d00ceb,read data = f5d00ceb,PASS
write data = d4e792a9,read data = d4e792a9,PASS
write data = 43a75987,read data = 43a75987,PASS
write data = 4576378a,read data = 4576378a,PASS
write data = 84cd0809,read data = 84cd0809,PASS
write data = bdaa9a7b,read data = bdaa9a7b,PASS
write data = c645848c,read data = c645848c,PASS
write data = 18769f30,read data = 18769f30,PASS
write data = 28fc2151,read data = 28fc2151,PASS
write data = 4564b38a,read data = 4564b38a,PASS
write data = 9a9aac35,read data = 9a9aac35,PASS
write data = c8a66691,read data = c8a66691,PASS
write data = 7b085df6,read data = 7b085df6,PASS
write data = 6c7fd7d8,read data = 6c7fd7d8,PASS
write data = 900b3620,read data = 900b3620,PASS
write data = 1b734b36,read data = 1b734b36,PASS
write data = 3973d572,read data = 3973d572,PASS
write data = c2563484,read data = c2563484,PASS
write data = 2d7bd35a,read data = 2d7bd35a,PASS
write data = a2a85a45,read data = a2a85a45,PASS
write data = c1400882,read data = c1400882,PASS
write data = 0d45191a,read data = 0d45191a,PASS
write data = f4f3b0e9,read data = f4f3b0e9,PASS
write data = b6be3c6d,read data = b6be3c6d,PASS
write data = bb80b277,read data = bb80b277,PASS
write data = 95335c2a,read data = 95335c2a,PASS
write data = 26cd734d,read data = 26cd734d,PASS
write data = f97c06f2,read data = f97c06f2,PASS
write data = b7529a6e,read data = b7529a6e,PASS
write data = 77dcf5ef,read data = 77dcf5ef,PASS
write data = 9bb93237,read data = 9bb93237,PASS
write data = 6d1237da,read data = 6d1237da,PASS
write data = 6b384dd6,read data = 6b384dd6,PASS
write data = 48753190,read data = 48753190,PASS
write data = 93d1ec27,read data = 93d1ec27,PASS
write data = e388e6c7,read data = e388e6c7,PASS
write data = 379be16f,read data = 379be16f,PASS
write data = e986bad3,read data = e986bad3,PASS
write data = f1d53ee3,read data = f1d53ee3,PASS
write data = 79870ff3,read data = 79870ff3,PASS
write data = cded4a9b,read data = cded4a9b,PASS
write data = 0bd17317,read data = 0bd17317,PASS
write data = 9db9023b,read data = 9db9023b,PASS
write data = f2e4f2e5,read data = f2e4f2e5,PASS
write data = e69d40cd,read data = e69d40cd,PASS
write data = 66071bcc,read data = 66071bcc,PASS
write data = 9e57de3c,read data = 9e57de3c,PASS
write data = 53e02ba7,read data = 53e02ba7,PASS
write data = 217b0f42,read data = 217b0f42,PASS
write data = d91570b2,read data = d91570b2,PASS
write data = 14a7c529,read data = 14a7c529,PASS
write data = 231f4d46,read data = 231f4d46,PASS
write data = 0fcb171f,read data = 0fcb171f,PASS
write data = 541919a8,read data = 541919a8,PASS
write data = e78090cf,read data = e78090cf,PASS
write data = 0e082d1c,read data = 0e082d1c,PASS
write data = 9ff7383f,read data = 9ff7383f,PASS
write data = 3664356c,read data = 3664356c,PASS
write data = 622ebbc4,read data = 622ebbc4,PASS
write data = 6f3fefde,read data = 6f3fefde,PASS
write data = 30fc7161,read data = 30fc7161,PASS
write data = 89d3b813,read data = 89d3b813,PASS
write data = 94422428,read data = 94422428,PASS
write data = cb5cc496,read data = cb5cc496,PASS
write data = 4e134b9c,read data = 4e134b9c,PASS
write data = b75dd06e,read data = b75dd06e,PASS
write data = 07b4230f,read data = 07b4230f,PASS
write data = 487bc790,read data = 487bc790,PASS
write data = 5270a7a4,read data = 5270a7a4,PASS
write data = 1c893939,read data = 1c893939,PASS
write data = 0e5c0f1c,read data = 0e5c0f1c,PASS
write data = e37d92c6,read data = e37d92c6,PASS
write data = ba61e674,read data = ba61e674,PASS
write data = 48270d90,read data = 48270d90,PASS
write data = 116b0122,read data = 116b0122,PASS
write data = d39282a7,read data = d39282a7,PASS
write data = bb62d276,read data = bb62d276,PASS
write data = fdf32cfb,read data = fdf32cfb,PASS
write data = aa3c2e54,read data = aa3c2e54,PASS
write data = 09abf513,read data = 09abf513,PASS
write data = 1248f524,read data = 1248f524,PASS
write data = c7a62a8f,read data = c7a62a8f,PASS
write data = 97d4f82f,read data = 97d4f82f,PASS
write data = 6915dbd2,read data = 6915dbd2,PASS
write data = c2005084,read data = c2005084,PASS
write data = 59cfa1b3,read data = 59cfa1b3,PASS
write data = dc8f9cb9,read data = dc8f9cb9,PASS
write data = 7e152bfc,read data = 7e152bfc,PASS
write data = 034e7906,read data = 034e7906,PASS
write data = cb782a96,read data = cb782a96,PASS
write data = b28de665,read data = b28de665,PASS
write data = 64ccf3c9,read data = 64ccf3c9,PASS
write data = f4672ae8,read data = f4672ae8,PASS
write data = 442ebf88,read data = 442ebf88,PASS
write data = 8fbf921f,read data = 8fbf921f,PASS
write data = 38008570,read data = 38008570,PASS
write data = 4490ed89,read data = 4490ed89,PASS
write data = 4fd3559f,read data = 4fd3559f,PASS
write data = 39c92573,read data = 39c92573,PASS
write data = 1225c124,read data = 1225c124,PASS
write data = 387f8970,read data = 387f8970,PASS
write data = 12bc8325,read data = 12bc8325,PASS
write data = c814e490,read data = c814e490,PASS
write data = a9654a52,read data = a9654a52,PASS
write data = a3f08a47,read data = a3f08a47,PASS
write data = 43a5cb87,read data = 43a5cb87,PASS
write data = b548a46a,read data = b548a46a,PASS
write data = 2f27d75e,read data = 2f27d75e,PASS
write data = 1a608f34,read data = 1a608f34,PASS
write data = 15d2f52b,read data = 15d2f52b,PASS
write data = e58e94cb,read data = e58e94cb,PASS
write data = 1ec7013d,read data = 1ec7013d,PASS
write data = 15fe6d2b,read data = 15fe6d2b,PASS
write data = c6a9648d,read data = c6a9648d,PASS
write data = 2d9ec15b,read data = 2d9ec15b,PASS
write data = db69beb6,read data = db69beb6,PASS
write data = 1339eb26,read data = 1339eb26,PASS
write data = 1f2fe33e,read data = 1f2fe33e,PASS
write data = f9b9c6f3,read data = f9b9c6f3,PASS
write data = 7ec40dfd,read data = 7ec40dfd,PASS
write data = cea0f89d,read data = cea0f89d,PASS
write data = 84c29c09,read data = 84c29c09,PASS
write data = 6f75afde,read data = 6f75afde,PASS
write data = cfa4909f,read data = cfa4909f,PASS
write data = 30908b61,read data = 30908b61,PASS
write data = 8d0be21a,read data = 8d0be21a,PASS
write data = dfaa72bf,read data = dfaa72bf,PASS
write data = b4895669,read data = b4895669,PASS
write data = 96a9f42d,read data = 96a9f42d,PASS
write data = 13bbf927,read data = 13bbf927,PASS
write data = 5406e7a8,read data = 5406e7a8,PASS
write data = f0440ce0,read data = f0440ce0,PASS
write data = 2b78b156,read data = 2b78b156,PASS
write data = 74bc1de9,read data = 74bc1de9,PASS
write data = efa020df,read data = efa020df,PASS
write data = 387fb170,read data = 387fb170,PASS
write data = 50641da0,read data = 50641da0,PASS
write data = 8e8c7c1d,read data = 8e8c7c1d,PASS
write data = 56f19bad,read data = 56f19bad,PASS
write data = 7da4d1fb,read data = 7da4d1fb,PASS
write data = 2dfe9f5b,read data = 2dfe9f5b,PASS
write data = 34615f68,read data = 34615f68,PASS
write data = f674e8ec,read data = f674e8ec,PASS
write data = 8ba2ca17,read data = 8ba2ca17,PASS
write data = d9a37ab3,read data = d9a37ab3,PASS
write data = 9dc52c3b,read data = 9dc52c3b,PASS
write data = 70a58de1,read data = 70a58de1,PASS
write data = 0f9a8d1f,read data = 0f9a8d1f,PASS
write data = 21c01f43,read data = 21c01f43,PASS
write data = 21368942,read data = 21368942,PASS
write data = 028cf505,read data = 028cf505,PASS
write data = ad8f6c5b,read data = ad8f6c5b,PASS
write data = b34e8266,read data = b34e8266,PASS
write data = 21dcc143,read data = 21dcc143,PASS
write data = 518019a3,read data = 518019a3,PASS
write data = dca784b9,read data = dca784b9,PASS
write data = d5db26ab,read data = d5db26ab,PASS
write data = 42030784,read data = 42030784,PASS
write data = 713bdbe2,read data = 713bdbe2,PASS
write data = 543c85a8,read data = 543c85a8,PASS
write data = 6b9103d7,read data = 6b9103d7,PASS
write data = 0bf1bb17,read data = 0bf1bb17,PASS
write data = f2f614e5,read data = f2f614e5,PASS
write data = 7ad8b5f5,read data = 7ad8b5f5,PASS
write data = 2bebb957,read data = 2bebb957,PASS
write data = 90d08e21,read data = 90d08e21,PASS
write data = 82ab7c05,read data = 82ab7c05,PASS
write data = ffb388ff,read data = ffb388ff,PASS
write data = 4e55019c,read data = 4e55019c,PASS
write data = 64b09bc9,read data = 64b09bc9,PASS
write data = 2ee8d35d,read data = 2ee8d35d,PASS
write data = b0d50061,read data = b0d50061,PASS
write data = 9d4baa3a,read data = 9d4baa3a,PASS
write data = 61fc47c3,read data = 61fc47c3,PASS
write data = 271a2f4e,read data = 271a2f4e,PASS
write data = 1c17a338,read data = 1c17a338,PASS
write data = dddebabb,read data = dddebabb,PASS
write data = b686306d,read data = b686306d,PASS
write data = 83468006,read data = 83468006,PASS
write data = 13ccdb27,read data = 13ccdb27,PASS
write data = 7d88f1fb,read data = 7d88f1fb,PASS
write data = a04c8040,read data = a04c8040,PASS
write data = b8e41e71,read data = b8e41e71,PASS
write data = 77c501ef,read data = 77c501ef,PASS
write data = a8ac8451,read data = a8ac8451,PASS
write data = f6da58ed,read data = f6da58ed,PASS
write data = d56e8eaa,read data = d56e8eaa,PASS
write data = 607e7bc0,read data = 607e7bc0,PASS
write data = 84680808,read data = 84680808,PASS
write data = fd1882fa,read data = fd1882fa,PASS
write data = 5ac71db5,read data = 5ac71db5,PASS
write data = 8775b60e,read data = 8775b60e,PASS
write data = e38d82c7,read data = e38d82c7,PASS
write data = eb80b8d7,read data = eb80b8d7,PASS
write data = 80998201,read data = 80998201,PASS
write data = b2d81065,read data = b2d81065,PASS
write data = 13c30927,read data = 13c30927,PASS
write data = fb991ef7,read data = fb991ef7,PASS
write data = 89072012,read data = 89072012,PASS
write data = 1de84f3b,read data = 1de84f3b,PASS
write data = 9bb1ce37,read data = 9bb1ce37,PASS
write data = 31ca0b63,read data = 31ca0b63,PASS
write data = 4f094d9e,read data = 4f094d9e,PASS
write data = 900cfc20,read data = 900cfc20,PASS
write data = 9ffb523f,read data = 9ffb523f,PASS
write data = 22395944,read data = 22395944,PASS
write data = 5af4a9b5,read data = 5af4a9b5,PASS
write data = 82f23205,read data = 82f23205,PASS
write data = 1875bf30,read data = 1875bf30,PASS
write data = 1108db22,read data = 1108db22,PASS
write data = a02a6e40,read data = a02a6e40,PASS
write data = b19ee863,read data = b19ee863,PASS
Total errors:          0/        991
Time =                40000,Reached here - finishing !
$finish called at time : 40 ns : File "C:/Users/Abhijeet/git/ABHIJEET_CHECK/synchronous_fifo/synchronous_fifo.srcs/sim_1/new/tb_synchronous_fifo.v" Line 145
